Pathlist information for compiler and MPI systems are located in nmpathlist.txt

Starting NMTRAN
  
 WARNINGS AND ERRORS (IF ANY) FOR PROBLEM    1
             
 (WARNING  2) NM-TRAN INFERS THAT THE DATA ARE POPULATION.
             
 (WARNING  3) THERE MAY BE AN ERROR IN THE ABBREVIATED CODE. THE FOLLOWING
 ONE OR MORE RANDOM VARIABLES ARE DEFINED WITH "IF" STATEMENTS THAT DO NOT
 PROVIDE DEFINITIONS FOR BOTH THE "THEN" AND "ELSE" CASES. IF ALL
 CONDITIONS FAIL, THE VALUES OF THESE VARIABLES WILL BE ZERO.
  
   IPRED Y


 LIM VALUES MAXLIM ASSESSED BY NMTRAN: 1,2,3,4,5,6,7,8,10,11,13,15,16        
  
Note: Analytical 2nd Derivatives are constructed in FSUBS but are never used.
      You may insert $ABBR DERIV2=NO after the first $PROB to save FSUBS construction and compilation time
  
Recompiling certain components.
starting wait
ending wait
Exiting lpreddo
Compiling FSUBS
Building NONMEM Executable
Starting nonmem execution ...
License Registered to: Medical University of Gdansk Dept of Biopharmaceutics and Pharmacodynamic
Expiration Date:    14 JUL 2026
Current Date:       28 OCT 2025
Days until program expires : 261


 First Order Conditional Estimation with Interaction
 MONITORING OF SEARCH:


0ITERATION NO.:    0    OBJECTIVE VALUE:   1044.84485367862        NO. OF FUNC. EVALS.:   9
 CUMULATIVE NO. OF FUNC. EVALS.:        9
 NPARAMETR:  2.0700E+01  6.2800E+00  3.6000E+01  1.5900E+01  2.6700E-01  2.0500E-01  1.0000E-01  1.0000E-01  2.5700E-01  1.0000E-01
             5.0700E-01  2.0000E-01  2.0000E-01
 PARAMETER:  1.0000E-01  1.0000E-01  1.0000E-01  1.0000E-01  1.0000E-01  1.0000E-01  1.0000E-01  1.0000E-01  1.0000E-01  1.0000E-01
             1.0000E-01  1.0000E-01  1.0000E-01
 GRADIENT:  -4.1468E+01  1.4013E+01 -2.2556E+02  7.4369E+02  6.2981E+01 -3.8834E+00  2.7532E+00 -4.9923E+01  5.8081E+00 -3.2368E-01
             3.6123E+00  1.1132E+02 -2.2037E+02

0ITERATION NO.:    2    OBJECTIVE VALUE:   905.347090517652        NO. OF FUNC. EVALS.:  20
 CUMULATIVE NO. OF FUNC. EVALS.:       29
 NPARAMETR:  2.3599E+01  5.9910E+00  4.1773E+01  1.2924E+01  2.7752E-01  2.0763E-01  9.0647E-02  3.0694E-01  2.3940E-01  1.9274E-01
             9.1818E-01  9.4384E-02  1.5217E-01
 PARAMETER:  2.3107E-01  5.2887E-02  2.4873E-01 -1.0720E-01  1.3863E-01  1.0638E-01  9.0071E-02  3.0499E-01  7.9414E-02  1.1707E-01
             1.0172E-01 -2.7547E-01 -3.6646E-02
 GRADIENT:  -2.0884E+01  4.6290E+00 -5.6172E+01  1.6837E+02 -2.3991E+01  4.0172E+00 -2.6484E+01  3.0678E+00  2.9403E+00 -2.2351E+00
             1.2326E+01  7.8468E+01 -1.0716E+01

0ITERATION NO.:    4    OBJECTIVE VALUE:   876.205729926104        NO. OF FUNC. EVALS.:  20
 CUMULATIVE NO. OF FUNC. EVALS.:       49
 NPARAMETR:  2.7076E+01  5.6963E+00  4.8424E+01  1.2424E+01  4.1844E-01  1.8481E-01  4.1581E-01  1.7127E-01  1.1213E+00  4.4948E-01
             5.2310E-01  3.0961E-02  1.0660E-01
 PARAMETER:  3.6850E-01  2.4552E-03  3.9647E-01 -1.4672E-01  5.4929E-01  4.8165E-02  4.3794E-01  1.8038E-01  4.2862E-02  1.3258E-01
            -3.1988E-02 -8.3279E-01 -2.1462E-01
 GRADIENT:  -2.8341E+01  1.6705E+01 -2.6215E+01  1.2004E+01 -5.1859E+01 -1.9132E+01  8.7161E+01 -3.5435E+01 -1.0954E+01  1.4130E+01
             2.4334E+00 -7.0468E+01  1.1486E+01

0ITERATION NO.:    6    OBJECTIVE VALUE:   868.306745635826        NO. OF FUNC. EVALS.:  21
 CUMULATIVE NO. OF FUNC. EVALS.:       70
 NPARAMETR:  2.4858E+01  5.9978E+00  4.7542E+01  1.2085E+01  7.2974E-01  2.0120E-01  4.1533E-01  1.3628E-01  1.0652E+00  3.1853E-01
             3.3247E-01  2.5796E-02  8.3053E-02
 PARAMETER:  2.8305E-01  5.4015E-02  3.7809E-01 -1.7438E-01  1.1054E+00  9.0637E-02  4.1924E-01  1.3756E-01  9.8959E-02  7.2744E-02
            -2.2315E-01 -9.2406E-01 -3.3942E-01
 GRADIENT:  -7.0409E+01  3.4328E+01  5.7697E+01 -1.1526E+02 -1.0731E+01 -2.0528E+01  9.0344E+01 -4.8639E+01 -1.1983E+01  1.9331E+01
             2.6292E+00 -1.1234E+02  1.6100E+01

0ITERATION NO.:    8    OBJECTIVE VALUE:   863.367635005163        NO. OF FUNC. EVALS.:  23
 CUMULATIVE NO. OF FUNC. EVALS.:       93
 NPARAMETR:  2.5252E+01  6.0665E+00  3.9653E+01  1.1320E+01  8.9791E-01  2.1033E-01  4.6073E-01  1.8169E-01  1.2353E+00  4.1832E-01
             3.2351E-01  2.6026E-02  6.9140E-02
 PARAMETER:  2.9876E-01  6.5417E-02  1.9665E-01 -2.3978E-01  1.3128E+00  1.1284E-01  4.5485E-01  1.7937E-01  1.4114E-01  3.8110E-02
            -3.9756E-01 -9.1961E-01 -4.3109E-01
 GRADIENT:  -5.3691E+01  3.2418E+01  1.3099E+01 -5.7533E+01  6.9028E+00 -1.8752E+01  8.2956E+01 -4.0785E+01 -1.1691E+01  1.3207E+01
             8.8902E-01 -1.0995E+02 -2.6226E+00

0ITERATION NO.:   10    OBJECTIVE VALUE:   854.056877053472        NO. OF FUNC. EVALS.:  21
 CUMULATIVE NO. OF FUNC. EVALS.:      114
 NPARAMETR:  2.3084E+01  4.9589E+00  4.2587E+01  1.1732E+01  9.2432E-01  3.4731E-01  7.3585E-01  5.1229E-01  1.9712E+00  1.2116E+00
             8.2344E-01  2.8771E-02  7.3835E-02
 PARAMETER:  2.0901E-01 -1.3618E-01  2.6802E-01 -2.0397E-01  1.3418E+00  3.6360E-01  5.6534E-01  3.9358E-01  4.4140E-01  1.7508E-01
            -1.2632E+00 -8.6948E-01 -3.9824E-01
 GRADIENT:  -3.4572E+01  2.3743E+01  2.6676E+01 -5.3301E+01  1.7160E-01 -9.7299E+00  4.2260E+01 -1.7232E-01  6.5069E+00 -1.6230E+01
            -8.0674E+00 -8.7006E+01  8.6960E-01

0ITERATION NO.:   12    OBJECTIVE VALUE:   851.406778913475        NO. OF FUNC. EVALS.:  21
 CUMULATIVE NO. OF FUNC. EVALS.:      135
 NPARAMETR:  2.2807E+01  4.9107E+00  4.3109E+01  1.1894E+01  9.4554E-01  5.2735E-01  9.5328E-01  7.5513E-01  1.9704E+00  1.4931E+00
             1.1707E+00  3.1292E-02  8.4360E-02
 PARAMETER:  1.9692E-01 -1.4596E-01  2.8022E-01 -1.9029E-01  1.3645E+00  5.7243E-01  5.9436E-01  4.7081E-01  1.8579E-01  2.2952E-01
            -1.3809E+00 -8.2747E-01 -3.3161E-01
 GRADIENT:  -3.5320E+01  3.5072E+01  2.7456E+01 -5.8691E+01 -1.1733E+00 -6.8443E+00  5.2169E+01 -1.3956E+01 -8.1783E+00  2.7844E+01
            -1.1202E+01 -6.7203E+01  1.6741E+01

0ITERATION NO.:   14    OBJECTIVE VALUE:   832.222455539049        NO. OF FUNC. EVALS.:  22
 CUMULATIVE NO. OF FUNC. EVALS.:      157
 NPARAMETR:  2.2501E+01  4.2309E+00  4.0187E+01  1.1590E+01  8.5383E-01  2.8392E-01  2.5965E-01  2.6462E-01  3.7439E-01  3.0595E-01
             3.5684E-01  3.9228E-02  8.4557E-02
 PARAMETER:  1.8342E-01 -2.9496E-01  2.1002E-01 -2.1622E-01  1.2625E+00  2.6284E-01  2.2064E-01  2.2485E-01 -1.0958E-01  1.5398E-01
            -7.5659E-01 -7.1447E-01 -3.3044E-01
 GRADIENT:  -5.5143E-01 -2.3040E+01  1.5127E+01 -2.3876E+01  4.7713E+00  1.3082E+01 -2.5583E+01 -4.3180E+00 -4.9636E+00 -9.0224E+00
             3.5120E+00 -1.8283E+01  2.1183E+01

0ITERATION NO.:   16    OBJECTIVE VALUE:   828.702259630458        NO. OF FUNC. EVALS.:  22
 CUMULATIVE NO. OF FUNC. EVALS.:      179
 NPARAMETR:  2.3842E+01  4.4384E+00  4.1438E+01  1.1826E+01  8.3721E-01  1.6305E-01  1.5461E-01  1.6497E-01  3.4560E-01  2.5992E-01
             3.0230E-01  4.0903E-02  8.1908E-02
 PARAMETER:  2.4131E-01 -2.4708E-01  2.4067E-01 -1.9603E-01  1.2428E+00 -1.4465E-02  1.7336E-01  1.8498E-01  7.7325E-02  2.0668E-01
            -7.4901E-01 -6.9356E-01 -3.4636E-01
 GRADIENT:  -1.4805E+01 -1.3564E+01  2.0723E+01 -3.4574E+01  2.4976E+00  2.7589E+00 -1.3896E+01 -5.6658E+00  3.2552E+00 -4.1280E+00
             3.2879E+00 -1.0768E+01  1.7969E+01

0ITERATION NO.:   18    OBJECTIVE VALUE:   825.485783398171        NO. OF FUNC. EVALS.:  21
 CUMULATIVE NO. OF FUNC. EVALS.:      200
 NPARAMETR:  2.8274E+01  5.4722E+00  4.6524E+01  1.3068E+01  8.4005E-01  8.0857E-02  8.5231E-02  7.8318E-02  2.6733E-01  1.5914E-01
             1.5943E-01  4.5879E-02  7.4681E-02
 PARAMETER:  4.1181E-01 -3.7698E-02  3.5645E-01 -9.6121E-02  1.2462E+00 -3.6517E-01  1.3571E-01  1.2470E-01  2.0149E-02  1.6196E-01
            -9.8855E-01 -6.3615E-01 -3.9254E-01
 GRADIENT:   6.7856E+00  6.1155E+00  1.3140E+01 -6.1999E+01 -9.2731E+00 -3.0095E+00  3.0166E+01 -6.8092E+01  5.0613E+00 -1.7971E+01
            -7.2545E+00  1.8419E+00  8.3715E+00

0ITERATION NO.:   20    OBJECTIVE VALUE:   822.282610554878        NO. OF FUNC. EVALS.:  24
 CUMULATIVE NO. OF FUNC. EVALS.:      224
 NPARAMETR:  2.7971E+01  5.4904E+00  4.6994E+01  1.3378E+01  8.2149E-01  1.0230E-01  1.0825E-01  1.1916E-01  2.6866E-01  2.1229E-01
             2.5107E-01  4.5299E-02  7.3550E-02
 PARAMETER:  4.0105E-01 -3.4362E-02  3.6650E-01 -7.2723E-02  1.2239E+00 -2.4753E-01  1.5323E-01  1.6868E-01 -5.0410E-02  1.9561E-01
            -8.6985E-01 -6.4252E-01 -4.0017E-01
 GRADIENT:   1.7332E+00 -1.8200E+00  8.9712E+00 -3.1328E+01  1.5000E+00 -1.4974E+00  5.2678E+00 -2.7963E+00 -8.7306E-01  1.3838E+00
            -1.0979E+00  1.1969E+00  5.0419E+00

0ITERATION NO.:   22    OBJECTIVE VALUE:   820.791321723431        NO. OF FUNC. EVALS.:  20
 CUMULATIVE NO. OF FUNC. EVALS.:      244
 NPARAMETR:  2.9634E+01  6.1913E+00  5.2975E+01  1.4905E+01  7.9508E-01  1.0446E-01  1.0292E-01  1.1488E-01  2.3792E-01  1.9646E-01
             2.5392E-01  4.4804E-02  7.1883E-02
 PARAMETER:  4.5879E-01  8.5771E-02  4.8631E-01  3.5383E-02  1.1912E+00 -2.3709E-01  1.4418E-01  1.6094E-01 -1.1109E-01  2.0078E-01
            -7.7922E-01 -6.4800E-01 -4.1164E-01
 GRADIENT:   6.1038E-01  7.5953E-01 -9.2185E-01 -5.3278E+00 -1.7075E+00 -3.1126E-01  2.1082E+00 -1.5823E-01 -3.6129E+00  6.2470E+00
             6.4163E-01 -2.0257E-01  2.5538E-01

0ITERATION NO.:   24    OBJECTIVE VALUE:   820.541162144304        NO. OF FUNC. EVALS.:  20
 CUMULATIVE NO. OF FUNC. EVALS.:      264
 NPARAMETR:  3.0204E+01  6.3952E+00  5.5099E+01  1.5427E+01  8.0788E-01  1.0542E-01  1.0173E-01  1.1042E-01  2.5551E-01  1.9495E-01
             2.3460E-01  4.4628E-02  7.2486E-02
 PARAMETER:  4.7783E-01  1.1817E-01  5.2561E-01  6.9777E-02  1.2072E+00 -2.3255E-01  1.4186E-01  1.5398E-01 -4.0078E-02  1.9855E-01
            -8.3064E-01 -6.4997E-01 -4.0746E-01
 GRADIENT:  -1.9782E-01  1.7951E+00 -1.8023E+00  1.6117E-01 -1.9995E+00  2.3122E-01  5.5918E+00 -6.4706E+00  1.7685E-01  1.5228E+00
            -3.4135E-01 -4.9410E-01  7.5549E-01

0ITERATION NO.:   26    OBJECTIVE VALUE:   820.501544934203        NO. OF FUNC. EVALS.:  20
 CUMULATIVE NO. OF FUNC. EVALS.:      284
 NPARAMETR:  3.0243E+01  6.3705E+00  5.5506E+01  1.5496E+01  8.1224E-01  1.0463E-01  9.8958E-02  1.1264E-01  2.4793E-01  1.8971E-01
             2.3389E-01  4.4806E-02  7.2337E-02
 PARAMETER:  4.7912E-01  1.1430E-01  5.3298E-01  7.4259E-02  1.2126E+00 -2.3629E-01  1.3852E-01  1.5766E-01 -4.9735E-02  1.8862E-01
            -8.4139E-01 -6.4799E-01 -4.0849E-01
 GRADIENT:  -3.6356E-03 -1.9808E-01  2.1432E-01  1.8600E-01 -1.0692E-01  1.4637E-01 -8.4827E-01  3.3093E-01  4.0095E-02 -2.5033E-01
            -1.5776E-01  3.3734E-02  2.6150E-01

0ITERATION NO.:   28    OBJECTIVE VALUE:   820.499998898036        NO. OF FUNC. EVALS.:  20
 CUMULATIVE NO. OF FUNC. EVALS.:      304
 NPARAMETR:  3.0223E+01  6.3658E+00  5.5358E+01  1.5466E+01  8.1199E-01  1.0446E-01  9.9415E-02  1.1242E-01  2.4876E-01  1.9053E-01
             2.3499E-01  4.4798E-02  7.2160E-02
 PARAMETER:  4.7846E-01  1.1357E-01  5.3030E-01  7.2316E-02  1.2122E+00 -2.3708E-01  1.3927E-01  1.5749E-01 -5.0335E-02  1.8955E-01
            -8.3463E-01 -6.4807E-01 -4.0972E-01
 GRADIENT:   8.3229E-02  1.3506E-02 -1.9505E-02 -6.3789E-02 -4.4946E-02  6.3574E-02 -5.8001E-02 -5.6216E-02 -5.5729E-03 -7.3869E-03
            -2.8732E-03  7.3173E-03  6.9073E-04

0ITERATION NO.:   30    OBJECTIVE VALUE:   820.499928173276        NO. OF FUNC. EVALS.:  20
 CUMULATIVE NO. OF FUNC. EVALS.:      324
 NPARAMETR:  3.0219E+01  6.3659E+00  5.5370E+01  1.5469E+01  8.1221E-01  1.0418E-01  9.9310E-02  1.1227E-01  2.4880E-01  1.9051E-01
             2.3490E-01  4.4795E-02  7.2167E-02
 PARAMETER:  4.7835E-01  1.1359E-01  5.3052E-01  7.2523E-02  1.2125E+00 -2.3844E-01  1.3931E-01  1.5748E-01 -5.0379E-02  1.8946E-01
            -8.3490E-01 -6.4811E-01 -4.0967E-01
 GRADIENT:   3.5201E-02 -1.5130E-02  1.5464E-03 -7.0170E-03  6.1533E-03  3.6244E-03  1.3700E-02  7.4427E-03 -7.0044E-04 -5.8389E-03
             1.6010E-03 -1.1543E-02  4.5326E-03

0ITERATION NO.:   32    OBJECTIVE VALUE:   820.499922384765        NO. OF FUNC. EVALS.:  40
 CUMULATIVE NO. OF FUNC. EVALS.:      364
 NPARAMETR:  3.0220E+01  6.3674E+00  5.5381E+01  1.5472E+01  8.1222E-01  1.0415E-01  9.9266E-02  1.1222E-01  2.4875E-01  1.9045E-01
             2.3483E-01  4.4799E-02  7.2166E-02
 PARAMETER:  4.7839E-01  1.1382E-01  5.3072E-01  7.2685E-02  1.2125E+00 -2.3860E-01  1.3927E-01  1.5744E-01 -5.0379E-02  1.8945E-01
            -8.3496E-01 -6.4807E-01 -4.0967E-01
 GRADIENT:   2.0494E-03 -5.0562E-03  1.2886E-03 -1.6325E-03 -5.7264E-03  9.4578E-04  4.5378E-03 -7.5391E-03  1.8166E-04 -5.9242E-03
             2.4093E-04 -2.6325E-03 -1.1971E-03

0ITERATION NO.:   33    OBJECTIVE VALUE:   820.499922384765        NO. OF FUNC. EVALS.:  14
 CUMULATIVE NO. OF FUNC. EVALS.:      378
 NPARAMETR:  3.0220E+01  6.3674E+00  5.5381E+01  1.5472E+01  8.1222E-01  1.0415E-01  9.9266E-02  1.1222E-01  2.4875E-01  1.9045E-01
             2.3483E-01  4.4799E-02  7.2166E-02
 PARAMETER:  4.7839E-01  1.1382E-01  5.3072E-01  7.2685E-02  1.2125E+00 -2.3860E-01  1.3927E-01  1.5744E-01 -5.0379E-02  1.8945E-01
            -8.3496E-01 -6.4807E-01 -4.0967E-01
 GRADIENT:   2.0494E-03 -5.0562E-03  1.2886E-03 -1.6325E-03 -5.7264E-03  9.4578E-04  4.5378E-03 -7.5391E-03  1.8166E-04 -5.9242E-03
             2.4093E-04 -2.6325E-03 -1.1971E-03
 Elapsed estimation  time in seconds:   149.61
 Elapsed covariance  time in seconds:   112.48
 Elapsed postprocess time in seconds:     5.47
 Elapsed finaloutput time in seconds:     2.60
Done with nonmem execution
