08.03.2025 
11:40
$PROBLEM ZERBAXA

$INPUT ID NUM TIME DV AMT RATE ADDL II CMT MDV EVID HEIGHT BW SEX AGE SOFA PCT ECMO CRRT ELWI CI CRE ALB PROTEIN

$DATA ..\..\..\..\data\derived\RawData.csv IGNORE=I

$SUBROUTINE ADVAN5 TRANS1

$MODEL
COMP=(DEPOT1)  ;1-CEFTOLOZANE CENTR
COMP=(PER1)    ;2-CEFTOLOZANE PERIPH
COMP=(DEPOT2)  ;3-TAZOBACTAM CENTR
COMP=(PER2)    ;4-TAZOBACTAM PERIPH
$PK

   BSA =  0.20247*(HEIGHT/100)**0.725*BW**0.425 ;(DuBois & DuBois) 
   CLCR = (140-AGE)*BW/72/CRE*0.85**(SEX)       ;(Cockcroft-Gault formula)
   CO = CI*BSA;
   
   V1C = THETA(1)*EXP(ETA(1))       
   CLC = THETA(2)*EXP(ETA(2)) 
   V2C = THETA(3)*EXP(ETA(3))       
   QC  = THETA(4)*EXP(ETA(4)) 
   V1T = THETA(5)*EXP(ETA(5))  
   CLT = THETA(6)*EXP(ETA(6))  
   V2T = THETA(7)*EXP(ETA(7))       
   QT  = THETA(8)*EXP(ETA(8)) 
   
   
K10 = CLC/V1C
K12 = QC/V1C
K21 = QC/V2C
K30 = CLT/V1T
K34 = QT/V1T
K43 = QT/V2T



$ERROR
IF(CMT.EQ.1) THEN
IPRED=A(1)/V1C
Y=IPRED*(1+EPS(1))
ENDIF
IF(CMT.EQ.3) THEN
IPRED=A(3)/V1T
Y=IPRED*(1+EPS(2))
ENDIF

$THETA 
(0, 30.2)    ;THETA1 V1C  [L]
(0, 6.28)    ;THETA2 CLC  [L/h]   
(0, 55.4)    ;THETA3 V2C  [L]
(0, 5.9)     ;THETA4 QC   [L/h]   
(0, 50)      ;THETA5 V1T  [L]
(0, 16.8)    ;THETA6 CLT  [L/h]
(0, 3)       ;THETA7 V2T  [L]
(0, 20)      ;THETA8 QT   [L/h]

$OMEGA 
0 FIX         ;11 ETA-V1C
0.1           ;22 ETA-CLC
0 FIX         ;33 ETA-V2C
0 FIX         ;44 ETA-QC

$OMEGA 
0.2                ;55 ETA-V1T
0.2            ;66 ETA-CLT

$OMEGA 
0 FIX    ;77 ETA-V2T
0 FIX    ;88 ETA-QT

;--------SIGMAS
$SIGMA 0.2 ; 11 PROPC, %
$SIGMA 0.2 ; 22 PROPT, %

$ESTIMATION METHOD=1 INTER NOABORT MAXEVAL=9990 NSIG=3 SIGL=9 PRINT=2
$COV 

$TABLE ID NUM TIME MDV IPRED CWRES EVID CMT NPDE
NOPRINT ONEHEADER FILE=SDTAB.DAT

$TABLE ID NUM V1C CLC V1T CLT ETA2 ETA5 ETA6 
NOAPPEND NOPRINT ONEHEADER FILE=PATAB.DAT

$TABLE ID NUM HEIGHT CLCR BW AGE SOFA PCT CRRT ELWI CI CRE ALB PROTEIN CO BSA
NOAPPEND NOPRINT ONEHEADER FILE=COTAB.DAT

$TABLE ID NUM SEX ECMO
NOAPPEND NOPRINT ONEHEADER FILE=CATAB.DAT  
NM-TRAN MESSAGES 
  
 WARNINGS AND ERRORS (IF ANY) FOR PROBLEM    1
             
 (WARNING  2) NM-TRAN INFERS THAT THE DATA ARE POPULATION.
             
 (WARNING  3) THERE MAY BE AN ERROR IN THE ABBREVIATED CODE. THE FOLLOWING
 ONE OR MORE RANDOM VARIABLES ARE DEFINED WITH "IF" STATEMENTS THAT DO NOT
 PROVIDE DEFINITIONS FOR BOTH THE "THEN" AND "ELSE" CASES. IF ALL
 CONDITIONS FAIL, THE VALUES OF THESE VARIABLES WILL BE ZERO.
  
   IPRED Y


 LIM VALUES MAXLIM ASSESSED BY NMTRAN: 1,2,3,4,5,6,7,8,10,11,13,15,16        
  
Note: Analytical 2nd Derivatives are constructed in FSUBS but are never used.
      You may insert $ABBR DERIV2=NO after the first $PROB to save FSUBS construction and compilation time
  
  
License Registered to: Medical University of Gdansk Dept of Biopharmaceutics and Pharmacodynamic
Expiration Date:    14 JUL 2025
Current Date:        8 MAR 2025
Days until program expires : 126
1NONLINEAR MIXED EFFECTS MODEL PROGRAM (NONMEM) VERSION 7.5.1
 ORIGINALLY DEVELOPED BY STUART BEAL, LEWIS SHEINER, AND ALISON BOECKMANN
 CURRENT DEVELOPERS ARE ROBERT BAUER, ICON DEVELOPMENT SOLUTIONS,
 AND ALISON BOECKMANN. IMPLEMENTATION, EFFICIENCY, AND STANDARDIZATION
 PERFORMED BY NOUS INFOSYSTEMS.

 PROBLEM NO.:         1
 ZERBAXA
0DATA CHECKOUT RUN:              NO
 DATA SET LOCATED ON UNIT NO.:    2
 THIS UNIT TO BE REWOUND:        NO
 NO. OF DATA RECS IN DATA SET:     3376
 NO. OF DATA ITEMS IN DATA SET:  24
 ID DATA ITEM IS DATA ITEM NO.:   1
 DEP VARIABLE IS DATA ITEM NO.:   4
 MDV DATA ITEM IS DATA ITEM NO.: 10
0INDICES PASSED TO SUBROUTINE PRED:
  11   3   5   6   0   8   9   0   0   0   7
0LABELS FOR DATA ITEMS:
 ID NUM TIME DV AMT RATE ADDL II CMT MDV EVID HEIGHT BW SEX AGE SOFA PCT ECMO CRRT ELWI CI CRE ALB PROTEIN
0(NONBLANK) LABELS FOR PRED-DEFINED ITEMS:
 BSA CLCR CO V1C CLC V1T CLT IPRED
0FORMAT FOR DATA:
 (3(6E12.0/),6E12.0)

 TOT. NO. OF OBS RECS:      191
 TOT. NO. OF INDIVIDUALS:       13
0LENGTH OF THETA:   8
0DEFAULT THETA BOUNDARY TEST OMITTED:    NO
0OMEGA HAS BLOCK FORM:
  1
  0  2
  0  0  3
  0  0  0  4
  0  0  0  0  5
  0  0  0  0  0  6
  0  0  0  0  0  0  7
  0  0  0  0  0  0  0  8
0DEFAULT OMEGA BOUNDARY TEST OMITTED:    NO
0SIGMA HAS SIMPLE DIAGONAL FORM WITH DIMENSION:   2
0DEFAULT SIGMA BOUNDARY TEST OMITTED:    NO
0INITIAL ESTIMATE OF THETA:
 LOWER BOUND    INITIAL EST    UPPER BOUND
  0.0000E+00     0.3020E+02     0.1000E+07
  0.0000E+00     0.6280E+01     0.1000E+07
  0.0000E+00     0.5540E+02     0.1000E+07
  0.0000E+00     0.5900E+01     0.1000E+07
  0.0000E+00     0.5000E+02     0.1000E+07
  0.0000E+00     0.1680E+02     0.1000E+07
  0.0000E+00     0.3000E+01     0.1000E+07
  0.0000E+00     0.2000E+02     0.1000E+07
0INITIAL ESTIMATE OF OMEGA:
 BLOCK SET NO.   BLOCK                                                                    FIXED
        1                                                                                  YES
                  0.0000E+00
        2                                                                                   NO
                  0.1000E+00
        3                                                                                  YES
                  0.0000E+00
        4                                                                                  YES
                  0.0000E+00
        5                                                                                   NO
                  0.2000E+00
        6                                                                                   NO
                  0.2000E+00
        7                                                                                  YES
                  0.0000E+00
        8                                                                                  YES
                  0.0000E+00
0INITIAL ESTIMATE OF SIGMA:
 0.2000E+00
 0.0000E+00   0.2000E+00
0COVARIANCE STEP OMITTED:        NO
 EIGENVLS. PRINTED:              NO
 SPECIAL COMPUTATION:            NO
 COMPRESSED FORMAT:              NO
 GRADIENT METHOD USED:     NOSLOW
 SIGDIGITS ETAHAT (SIGLO):                  -1
 SIGDIGITS GRADIENTS (SIGL):                -1
 EXCLUDE COV FOR FOCE (NOFCOV):              NO
 Cholesky Transposition of R Matrix (CHOLROFF):0
 KNUTHSUMOFF:                                -1
 RESUME COV ANALYSIS (RESUME):               NO
 SIR SAMPLE SIZE (SIRSAMPLE):
 NON-LINEARLY TRANSFORM THETAS DURING COV (THBND): 1
 PRECONDTIONING CYCLES (PRECOND):        0
 PRECONDTIONING TYPES (PRECONDS):        TOS
 FORCED PRECONDTIONING CYCLES (PFCOND):0
 PRECONDTIONING TYPE (PRETYPE):        0
 FORCED POS. DEFINITE SETTING DURING PRECONDITIONING: (FPOSDEF):0
 SIMPLE POS. DEFINITE SETTING: (POSDEF):-1
0TABLES STEP OMITTED:    NO
 NO. OF TABLES:           4
 SEED NUMBER (SEED):    11456
 NPDTYPE:    0
 INTERPTYPE:    0
 RANMETHOD:             3U
 MC SAMPLES (ESAMPLE):    300
 WRES SQUARE ROOT TYPE (WRESCHOL): EIGENVALUE
0-- TABLE   1 --
0RECORDS ONLY:    ALL
04 COLUMNS APPENDED:    YES
 PRINTED:                NO
 HEADERS:               ONE
 FILE TO BE FORWARDED:   NO
 FORMAT:                S1PE11.4
 IDFORMAT:
 LFORMAT:
 RFORMAT:
 FIXED_EFFECT_ETAS:
0USER-CHOSEN ITEMS:
 ID NUM TIME MDV IPRED CWRES EVID CMT NPDE
0-- TABLE   2 --
0RECORDS ONLY:    ALL
04 COLUMNS APPENDED:    NO
 PRINTED:                NO
 HEADERS:               ONE
 FILE TO BE FORWARDED:   NO
 FORMAT:                S1PE11.4
 IDFORMAT:
 LFORMAT:
 RFORMAT:
 FIXED_EFFECT_ETAS:
0USER-CHOSEN ITEMS:
 ID NUM V1C CLC V1T CLT ETA2 ETA5 ETA6
0-- TABLE   3 --
0RECORDS ONLY:    ALL
04 COLUMNS APPENDED:    NO
 PRINTED:                NO
 HEADERS:               ONE
 FILE TO BE FORWARDED:   NO
 FORMAT:                S1PE11.4
 IDFORMAT:
 LFORMAT:
 RFORMAT:
 FIXED_EFFECT_ETAS:
0USER-CHOSEN ITEMS:
 ID NUM HEIGHT CLCR BW AGE SOFA PCT CRRT ELWI CI CRE ALB PROTEIN CO BSA
0-- TABLE   4 --
0RECORDS ONLY:    ALL
04 COLUMNS APPENDED:    NO
 PRINTED:                NO
 HEADERS:               ONE
 FILE TO BE FORWARDED:   NO
 FORMAT:                S1PE11.4
 IDFORMAT:
 LFORMAT:
 RFORMAT:
 FIXED_EFFECT_ETAS:
0USER-CHOSEN ITEMS:
 ID NUM SEX ECMO
1DOUBLE PRECISION PREDPP VERSION 7.5.1

 GENERAL LINEAR KINETICS MODEL (ADVAN5)
0MODEL SUBROUTINE USER-SUPPLIED - ID NO. 9999
0MAXIMUM NO. OF BASIC PK PARAMETERS:   6
0RATE CONSTANT PARAMETERS - ASSIGNMENT OF ROWS IN GG
            TO COMPT.
  FROM      1    2    3    4    5
  COMPT.
    1       *    2    -    -    1
    2       3    *    -    -    -
    3       -    -    *    5    4
    4       -    -    6    *    -
             * LINK FROM A COMPARTMENT TO ITSELF IS NOT POSSIBLE
             - LINK BETWEEN THESE COMPARTMENTS IS NOT DEFINED FOR THIS MODEL
0COMPARTMENT ATTRIBUTES
 COMPT. NO.   FUNCTION   INITIAL    ON/OFF      DOSE      DEFAULT    DEFAULT
                         STATUS     ALLOWED    ALLOWED    FOR DOSE   FOR OBS.
    1         DEPOT1       ON         YES        YES        YES        YES
    2         PER1         ON         YES        YES        NO         NO
    3         DEPOT2       ON         YES        YES        NO         NO
    4         PER2         ON         YES        YES        NO         NO
    5         OUTPUT       OFF        YES        NO         NO         NO
1
 ADDITIONAL PK PARAMETERS - ASSIGNMENT OF ROWS IN GG
 COMPT. NO.                             INDICES
              SCALE      BIOAVAIL.   ZERO-ORDER  ZERO-ORDER  ABSORB
                         FRACTION    RATE        DURATION    LAG
    1            *           *           *           *           *
    2            *           *           *           *           *
    3            *           *           *           *           *
    4            *           *           *           *           *
    5            *           -           -           -           -
             - PARAMETER IS NOT ALLOWED FOR THIS MODEL
             * PARAMETER IS NOT SUPPLIED BY PK SUBROUTINE;
               WILL DEFAULT TO ONE IF APPLICABLE
0DATA ITEM INDICES USED BY PRED ARE:
   EVENT ID DATA ITEM IS DATA ITEM NO.:     11
   TIME DATA ITEM IS DATA ITEM NO.:          3
   DOSE AMOUNT DATA ITEM IS DATA ITEM NO.:   5
   DOSE RATE DATA ITEM IS DATA ITEM NO.:     6
   INTERVAL DATA ITEM IS DATA ITEM NO.:      8
   ADDL. DOSES DATA ITEM IS DATA ITEM NO.:   7
   COMPT. NO. DATA ITEM IS DATA ITEM NO.:    9

0PK SUBROUTINE CALLED WITH EVERY EVENT RECORD.
 PK SUBROUTINE NOT CALLED AT NONEVENT (ADDITIONAL OR LAGGED) DOSE TIMES.
0ERROR SUBROUTINE CALLED WITH EVERY EVENT RECORD.
0ERROR SUBROUTINE INDICATES THAT DERIVATIVES OF COMPARTMENT AMOUNTS ARE USED.
1


 #TBLN:      1
 #METH: First Order Conditional Estimation with Interaction

 ESTIMATION STEP OMITTED:                 NO
 ANALYSIS TYPE:                           POPULATION
 NUMBER OF SADDLE POINT RESET ITERATIONS:      0
 GRADIENT METHOD USED:               NOSLOW
 CONDITIONAL ESTIMATES USED:              YES
 CENTERED ETA:                            NO
 EPS-ETA INTERACTION:                     YES
 LAPLACIAN OBJ. FUNC.:                    NO
 NO. OF FUNCT. EVALS. ALLOWED:            9990
 NO. OF SIG. FIGURES REQUIRED:            3
 INTERMEDIATE PRINTOUT:                   YES
 ESTIMATE OUTPUT TO MSF:                  NO
 ABORT WITH PRED EXIT CODE 1:             NO
 IND. OBJ. FUNC. VALUES SORTED:           NO
 NUMERICAL DERIVATIVE
       FILE REQUEST (NUMDER):               NONE
 MAP (ETAHAT) ESTIMATION METHOD (OPTMAP):   0
 ETA HESSIAN EVALUATION METHOD (ETADER):    0
 INITIAL ETA FOR MAP ESTIMATION (MCETA):    0
 SIGDIGITS FOR MAP ESTIMATION (SIGLO):      9
 GRADIENT SIGDIGITS OF
       FIXED EFFECTS PARAMETERS (SIGL):     9
 NOPRIOR SETTING (NOPRIOR):                 0
 NOCOV SETTING (NOCOV):                     OFF
 DERCONT SETTING (DERCONT):                 OFF
 FINAL ETA RE-EVALUATION (FNLETA):          1
 EXCLUDE NON-INFLUENTIAL (NON-INFL.) ETAS
       IN SHRINKAGE (ETASTYPE):             NO
 NON-INFL. ETA CORRECTION (NONINFETA):      0
 RAW OUTPUT FILE (FILE): 102.ext
 EXCLUDE TITLE (NOTITLE):                   NO
 EXCLUDE COLUMN LABELS (NOLABEL):           NO
 FORMAT FOR ADDITIONAL FILES (FORMAT):      S1PE12.5
 PARAMETER ORDER FOR OUTPUTS (ORDER):       TSOL
 KNUTHSUMOFF:                               0
 INCLUDE LNTWOPI:                           NO
 INCLUDE CONSTANT TERM TO PRIOR (PRIORC):   NO
 INCLUDE CONSTANT TERM TO OMEGA (ETA) (OLNTWOPI):NO
 ADDITIONAL CONVERGENCE TEST (CTYPE=4)?:    NO
 EM OR BAYESIAN METHOD USED:                 NONE


 THE FOLLOWING LABELS ARE EQUIVALENT
 PRED=PREDI
 RES=RESI
 WRES=WRESI
 IWRS=IWRESI
 IPRD=IPREDI
 IRS=IRESI

 MONITORING OF SEARCH:


0ITERATION NO.:    0    OBJECTIVE VALUE:   983.823834271422        NO. OF FUNC. EVALS.:  12
 CUMULATIVE NO. OF FUNC. EVALS.:       12
 NPARAMETR:  3.0200E+01  6.2800E+00  5.5400E+01  5.9000E+00  5.0000E+01  1.6800E+01  3.0000E+00  2.0000E+01  1.0000E-01  2.0000E-01
             2.0000E-01  2.0000E-01  2.0000E-01
 PARAMETER:  1.0000E-01  1.0000E-01  1.0000E-01  1.0000E-01  1.0000E-01  1.0000E-01  1.0000E-01  1.0000E-01  1.0000E-01  1.0000E-01
             1.0000E-01  1.0000E-01  1.0000E-01
 GRADIENT:   5.5211E+01  6.7364E+01  4.3993E+01  6.1520E+01 -1.6435E+01 -2.7829E+00 -1.3803E+00  9.7060E-02 -7.4594E+01  1.4116E+00
             6.5289E+00 -6.0690E-01  7.8088E+01

0ITERATION NO.:    2    OBJECTIVE VALUE:   890.146457461311        NO. OF FUNC. EVALS.:  26
 CUMULATIVE NO. OF FUNC. EVALS.:       38
 NPARAMETR:  2.5140E+01  4.1760E+00  4.1277E+01  3.6745E+00  5.7430E+01  1.6436E+01  3.0394E+00  1.9969E+01  3.2006E-01  1.9854E-01
             1.7619E-01  5.8851E-02  4.6974E-02
 PARAMETER: -8.3391E-02 -3.0801E-01 -1.9427E-01 -3.7354E-01  2.3855E-01  7.8112E-02  1.1304E-01  9.8430E-02  6.8166E-01  9.6344E-02
             3.6624E-02 -5.1166E-01 -6.2436E-01
 GRADIENT:   2.1192E+01  1.4979E+00 -1.0524E+00  2.4958E+01  7.2614E+00  7.6151E+00  2.0159E-01  1.9489E-01 -1.3787E+01 -4.8120E+00
             3.3358E-01 -3.4331E+01 -6.1744E+01

0ITERATION NO.:    4    OBJECTIVE VALUE:   885.638605302525        NO. OF FUNC. EVALS.:  28
 CUMULATIVE NO. OF FUNC. EVALS.:       66
 NPARAMETR:  2.5756E+01  4.1797E+00  4.1154E+01  3.1050E+00  5.6720E+01  1.5646E+01  3.0462E+00  1.9935E+01  4.1476E-01  2.0897E-01
             1.7038E-01  4.9637E-02  5.8737E-02
 PARAMETER: -5.9179E-02 -3.0713E-01 -1.9725E-01 -5.4194E-01  2.2610E-01  2.8824E-02  1.1528E-01  9.6738E-02  8.1127E-01  1.2194E-01
             1.9863E-02 -5.9679E-01 -5.1263E-01
 GRADIENT:   3.2865E+01  2.7951E-01 -2.3559E+00  1.1182E+01  4.1677E+00 -7.8488E-01 -9.1030E-02  1.8376E-01 -4.4075E+00 -2.4786E+00
             3.4920E-01 -6.4441E+01 -2.4553E+01

0ITERATION NO.:    6    OBJECTIVE VALUE:   884.756078416725        NO. OF FUNC. EVALS.:  29
 CUMULATIVE NO. OF FUNC. EVALS.:       95
 NPARAMETR:  2.5357E+01  4.9359E+00  4.5635E+01  2.7490E+00  5.6102E+01  1.5774E+01  3.0903E+00  1.9801E+01  4.9715E-01  2.3031E-01
             1.5827E-01  5.2445E-02  5.4796E-02
 PARAMETER: -7.4786E-02 -1.4084E-01 -9.3897E-02 -6.6370E-01  2.1514E-01  3.6972E-02  1.2964E-01  8.9987E-02  9.0186E-01  1.7055E-01
            -1.7003E-02 -5.6928E-01 -5.4735E-01
 GRADIENT:   5.7534E+00  8.3208E+00  2.0567E+00 -8.3079E-01  3.2342E+00  1.0687E+00 -2.3300E-01  1.7135E-01  1.0659E+00 -6.8464E-01
            -1.6977E+00 -4.8596E+01 -3.4687E+01

0ITERATION NO.:    8    OBJECTIVE VALUE:   880.787774118949        NO. OF FUNC. EVALS.:  26
 CUMULATIVE NO. OF FUNC. EVALS.:      121
 NPARAMETR:  2.5251E+01  4.5015E+00  5.5000E+01  3.3160E+00  5.3364E+01  1.5209E+01  3.6120E+00  1.8638E+01  6.9866E-01  2.6186E-01
             1.6257E-01  6.1172E-02  6.3165E-02
 PARAMETER: -7.8979E-02 -2.3296E-01  9.2758E-02 -4.7618E-01  1.6511E-01  4.9295E-04  2.8566E-01  2.9497E-02  1.0720E+00  2.3475E-01
            -3.5976E-03 -4.9231E-01 -4.7628E-01
 GRADIENT:   2.4315E+00  6.2067E+00 -1.0760E-02  4.6991E+00 -1.3415E+00 -5.4090E+00 -7.2139E-01  1.4116E-01  3.4217E+00  1.9303E+00
            -9.6677E-01 -1.8401E+01 -1.2665E+01

0ITERATION NO.:   10    OBJECTIVE VALUE:   879.493154258467        NO. OF FUNC. EVALS.:  27
 CUMULATIVE NO. OF FUNC. EVALS.:      148
 NPARAMETR:  2.5240E+01  4.1208E+00  5.9969E+01  3.1353E+00  5.6153E+01  1.5333E+01  3.9375E+00  1.8137E+01  5.7272E-01  2.3922E-01
             1.5384E-01  6.3549E-02  6.6637E-02
 PARAMETER: -7.9415E-02 -3.2133E-01  1.7924E-01 -5.3223E-01  2.1606E-01  8.6382E-03  3.7193E-01  2.1943E-03  9.7262E-01  1.8953E-01
            -3.1213E-02 -4.7326E-01 -4.4953E-01
 GRADIENT:  -1.2968E+00  3.3210E+00  1.8679E+00  1.4975E-01  3.2611E+00 -5.0021E+00 -3.4590E-01  1.6869E-01  9.2630E-01  1.8083E-01
            -2.0296E+00 -1.0908E+01 -6.9524E+00

0ITERATION NO.:   12    OBJECTIVE VALUE:   878.814115370459        NO. OF FUNC. EVALS.:  29
 CUMULATIVE NO. OF FUNC. EVALS.:      177
 NPARAMETR:  2.5270E+01  4.3648E+00  4.7027E+01  2.9021E+00  5.4368E+01  1.5562E+01  5.2418E+00  1.6886E+01  4.2071E-01  2.5765E-01
             1.6653E-01  6.6111E-02  6.8726E-02
 PARAMETER: -7.8232E-02 -2.6381E-01 -6.3867E-02 -6.0952E-01  1.8376E-01  2.3426E-02  6.5806E-01 -6.9252E-02  8.1839E-01  2.2664E-01
             8.4328E-03 -4.5349E-01 -4.3409E-01
 GRADIENT:  -7.8651E-02  2.2875E+00  1.1380E+00  8.5918E-01  1.8472E+00 -2.6328E+00 -3.3768E-01 -5.1171E-02 -1.8077E+00  8.9938E-01
            -9.1225E-03 -4.6933E+00 -3.1158E+00

0ITERATION NO.:   14    OBJECTIVE VALUE:   878.467211666468        NO. OF FUNC. EVALS.:  26
 CUMULATIVE NO. OF FUNC. EVALS.:      203
 NPARAMETR:  2.5357E+01  4.1264E+00  4.8257E+01  2.9555E+00  5.1213E+01  1.5950E+01  7.5807E+00  2.2942E+01  4.5015E-01  2.5412E-01
             1.6634E-01  6.8233E-02  7.1656E-02
 PARAMETER: -7.4784E-02 -3.1996E-01 -3.8042E-02 -5.9128E-01  1.2397E-01  4.8059E-02  1.0270E+00  2.3725E-01  8.5221E-01  2.1975E-01
             7.8497E-03 -4.3769E-01 -4.1322E-01
 GRADIENT:   7.4344E-01 -4.2910E-01  2.7263E-01  2.4778E-01  2.3960E-01  7.3053E-01 -2.0331E-01 -2.2805E-01 -8.6933E-01 -5.7104E-01
             1.9563E-01  9.2277E-01  1.1150E+00

0ITERATION NO.:   16    OBJECTIVE VALUE:   878.239420566987        NO. OF FUNC. EVALS.:  26
 CUMULATIVE NO. OF FUNC. EVALS.:      229
 NPARAMETR:  2.5389E+01  4.1334E+00  4.5653E+01  2.9292E+00  4.7233E+01  1.6077E+01  1.3408E+01  4.5982E+01  4.6601E-01  3.0514E-01
             1.6759E-01  6.9174E-02  7.2541E-02
 PARAMETER: -7.3536E-02 -3.1826E-01 -9.3515E-02 -6.0022E-01  4.3064E-02  5.6015E-02  1.5973E+00  9.3251E-01  8.6952E-01  3.1122E-01
             1.1602E-02 -4.3085E-01 -4.0709E-01
 GRADIENT:   5.1040E-01 -1.1341E+00 -4.6166E-01 -8.7657E-02  3.0335E+00  1.7155E+00  1.0056E+00 -1.9958E-01  4.7794E-01 -1.6035E+00
             4.5678E-01  3.3636E+00  1.1376E+00

0ITERATION NO.:   18    OBJECTIVE VALUE:   877.988122026119        NO. OF FUNC. EVALS.:  27
 CUMULATIVE NO. OF FUNC. EVALS.:      256
 NPARAMETR:  2.5327E+01  4.3238E+00  4.0642E+01  2.8005E+00  4.0966E+01  1.5822E+01  1.8706E+01  8.8775E+01  4.4112E-01  4.1600E-01
             1.6422E-01  6.7722E-02  7.0498E-02
 PARAMETER: -7.5980E-02 -2.7323E-01 -2.0978E-01 -6.4516E-01 -9.9277E-02  4.0052E-02  1.9302E+00  1.5904E+00  8.4208E-01  4.6618E-01
             1.4569E-03 -4.4145E-01 -4.2137E-01
 GRADIENT:  -6.9247E-01 -6.4321E-01 -6.3300E-01 -4.0236E-01  2.7100E+00 -4.2079E-01  1.3539E+00  2.0583E-01  1.0028E+00 -1.1038E+00
             1.1558E-03  3.4889E-02 -1.9918E+00

0ITERATION NO.:   20    OBJECTIVE VALUE:   877.869876575093        NO. OF FUNC. EVALS.:  26
 CUMULATIVE NO. OF FUNC. EVALS.:      282
 NPARAMETR:  2.5321E+01  4.3624E+00  4.1699E+01  2.8010E+00  3.8777E+01  1.5840E+01  1.8963E+01  8.4451E+01  4.3024E-01  4.4509E-01
             1.6357E-01  6.7782E-02  7.0956E-02
 PARAMETER: -7.6226E-02 -2.6434E-01 -1.8411E-01 -6.4498E-01 -1.5420E-01  4.1140E-02  1.9439E+00  1.5404E+00  8.2959E-01  4.9998E-01
            -5.4092E-04 -4.4101E-01 -4.1813E-01
 GRADIENT:  -8.1685E-01  1.2967E-01 -1.3930E-01 -3.7791E-01  2.5757E-01 -1.4028E-01 -3.2258E-02 -7.6599E-02  3.2745E-01 -4.9364E-02
            -1.3824E-01  5.4851E-03 -5.2934E-01

0ITERATION NO.:   22    OBJECTIVE VALUE:   877.838613266862        NO. OF FUNC. EVALS.:  26
 CUMULATIVE NO. OF FUNC. EVALS.:      308
 NPARAMETR:  2.5341E+01  4.2622E+00  4.4518E+01  2.8692E+00  3.6200E+01  1.5870E+01  2.1006E+01  1.0166E+02  4.4305E-01  4.9902E-01
             1.6445E-01  6.7877E-02  7.1452E-02
 PARAMETER: -7.5409E-02 -2.8758E-01 -1.1869E-01 -6.2091E-01 -2.2296E-01  4.3030E-02  2.0462E+00  1.7259E+00  8.4426E-01  5.5716E-01
             2.1554E-03 -4.4031E-01 -4.1465E-01
 GRADIENT:  -1.1197E-01 -4.7382E-02  7.6968E-03 -1.8147E-01  4.4442E-02  8.7116E-02  6.6546E-02  6.8776E-03  1.6969E-02 -1.1293E-01
             3.2491E-02  1.9820E-01  1.5436E-01

0ITERATION NO.:   24    OBJECTIVE VALUE:   877.837670774938        NO. OF FUNC. EVALS.:  26
 CUMULATIVE NO. OF FUNC. EVALS.:      334
 NPARAMETR:  2.5338E+01  4.2457E+00  4.5033E+01  2.8899E+00  3.5988E+01  1.5858E+01  2.1122E+01  1.0267E+02  4.4726E-01  5.0670E-01
             1.6428E-01  6.7802E-02  7.1337E-02
 PARAMETER: -7.5547E-02 -2.9146E-01 -1.0718E-01 -6.1372E-01 -2.2883E-01  4.2318E-02  2.0517E+00  1.7358E+00  8.4898E-01  5.6480E-01
             1.6189E-03 -4.4086E-01 -4.1545E-01
 GRADIENT:   1.1099E-02 -4.8146E-03 -1.0747E-03 -6.2971E-03 -1.6396E-02  3.6415E-03 -1.4952E-02 -8.8024E-04  1.0389E-03  7.2026E-03
            -7.1172E-04  3.6426E-03  1.3458E-02

0ITERATION NO.:   26    OBJECTIVE VALUE:   877.837661843226        NO. OF FUNC. EVALS.:  58
 CUMULATIVE NO. OF FUNC. EVALS.:      392
 NPARAMETR:  2.5337E+01  4.2481E+00  4.4996E+01  2.8895E+00  3.5965E+01  1.5859E+01  2.1159E+01  1.0291E+02  4.4705E-01  5.0749E-01
             1.6426E-01  6.7803E-02  7.1336E-02
 PARAMETER: -7.5569E-02 -2.9089E-01 -1.0801E-01 -6.1388E-01 -2.2948E-01  4.2330E-02  2.0534E+00  1.7381E+00  8.4874E-01  5.6558E-01
             1.5802E-03 -4.4085E-01 -4.1546E-01
 GRADIENT:   1.3392E-03  1.8260E-03 -1.1421E-03  1.5775E-03  3.3914E-03 -4.2124E-04  4.7821E-03  2.4730E-04  1.9191E-03 -6.4739E-04
            -1.4926E-03  5.8707E-05 -5.1629E-03

0ITERATION NO.:   28    OBJECTIVE VALUE:   877.837660458137        NO. OF FUNC. EVALS.:  63
 CUMULATIVE NO. OF FUNC. EVALS.:      455            RESET HESSIAN, TYPE II
 NPARAMETR:  2.5337E+01  4.2479E+00  4.4996E+01  2.8894E+00  3.5975E+01  1.5859E+01  2.1147E+01  1.0283E+02  4.4701E-01  5.0717E-01
             1.6428E-01  6.7803E-02  7.1337E-02
 PARAMETER: -7.5570E-02 -2.9095E-01 -1.0800E-01 -6.1389E-01 -2.2921E-01  4.2342E-02  2.0529E+00  1.7374E+00  8.4871E-01  5.6526E-01
             1.6152E-03 -4.4085E-01 -4.1545E-01
 GRADIENT:   2.9695E-03  1.0192E-02 -1.1925E-03  2.3958E-03  5.2391E-04  6.3343E-03  4.5123E-03  1.5993E-04  6.6866E-05 -5.5953E-04
            -4.1896E-05  3.1400E-03  1.7541E-03

0ITERATION NO.:   30    OBJECTIVE VALUE:   877.837660428315        NO. OF FUNC. EVALS.:  63
 CUMULATIVE NO. OF FUNC. EVALS.:      518
 NPARAMETR:  2.5337E+01  4.2479E+00  4.4996E+01  2.8894E+00  3.5975E+01  1.5859E+01  2.1147E+01  1.0283E+02  4.4701E-01  5.0717E-01
             1.6428E-01  6.7803E-02  7.1337E-02
 PARAMETER: -7.5570E-02 -2.9095E-01 -1.0800E-01 -6.1389E-01 -2.2921E-01  4.2342E-02  2.0529E+00  1.7374E+00  8.4871E-01  5.6526E-01
             1.6152E-03 -4.4085E-01 -4.1545E-01
 GRADIENT:   1.3876E-03 -1.2238E-03 -1.2887E-03  1.0313E-03 -3.8635E-04  1.3214E-03  4.1741E-04  3.6118E-05  4.1856E-05 -5.5723E-04
            -4.1793E-05  2.9485E-04 -6.2903E-04

0ITERATION NO.:   31    OBJECTIVE VALUE:   877.837660428315        NO. OF FUNC. EVALS.:  20
 CUMULATIVE NO. OF FUNC. EVALS.:      538
 NPARAMETR:  2.5337E+01  4.2479E+00  4.4996E+01  2.8894E+00  3.5975E+01  1.5859E+01  2.1147E+01  1.0283E+02  4.4701E-01  5.0717E-01
             1.6428E-01  6.7803E-02  7.1337E-02
 PARAMETER: -7.5570E-02 -2.9095E-01 -1.0800E-01 -6.1389E-01 -2.2921E-01  4.2342E-02  2.0529E+00  1.7374E+00  8.4871E-01  5.6526E-01
             1.6152E-03 -4.4085E-01 -4.1545E-01
 GRADIENT:   1.3876E-03 -1.2238E-03 -1.2887E-03  1.0313E-03 -3.8635E-04  1.3214E-03  4.1741E-04  3.6118E-05  4.1856E-05 -5.5723E-04
            -4.1793E-05  2.9485E-04 -6.2903E-04

 #TERM:
0MINIMIZATION SUCCESSFUL
 NO. OF FUNCTION EVALUATIONS USED:      538
 NO. OF SIG. DIGITS IN FINAL EST.:  3.0

 ETABAR IS THE ARITHMETIC MEAN OF THE ETA-ESTIMATES,
 AND THE P-VALUE IS GIVEN FOR THE NULL HYPOTHESIS THAT THE TRUE MEAN IS 0.

 ETABAR:         0.0000E+00  1.4567E-02  0.0000E+00  0.0000E+00 -1.0454E-02  5.8196E-03  0.0000E+00  0.0000E+00
 SE:             0.0000E+00  1.7747E-01  0.0000E+00  0.0000E+00  1.7192E-01  1.0932E-01  0.0000E+00  0.0000E+00
 N:                      13          13          13          13          13          13          13          13

 P VAL.:         1.0000E+00  9.3458E-01  1.0000E+00  1.0000E+00  9.5151E-01  9.5754E-01  1.0000E+00  1.0000E+00

 ETASHRINKSD(%)  0.0000E+00  4.2917E+00  0.0000E+00  0.0000E+00  1.2961E+01  2.7518E+00  0.0000E+00  0.0000E+00
 ETASHRINKVR(%)  0.0000E+00  8.3992E+00  0.0000E+00  0.0000E+00  2.4242E+01  5.4279E+00  0.0000E+00  0.0000E+00
 EBVSHRINKSD(%)  0.0000E+00  2.5930E+00  0.0000E+00  0.0000E+00  1.0671E+01  2.8010E+00  0.0000E+00  0.0000E+00
 EBVSHRINKVR(%)  0.0000E+00  5.1188E+00  0.0000E+00  0.0000E+00  2.0204E+01  5.5236E+00  0.0000E+00  0.0000E+00
 RELATIVEINF(%)  0.0000E+00  9.4881E+01  0.0000E+00  0.0000E+00  7.9688E+01  9.4348E+01  0.0000E+00  0.0000E+00
 EPSSHRINKSD(%)  4.5835E+00  1.0892E+01
 EPSSHRINKVR(%)  8.9570E+00  2.0597E+01

  
 TOTAL DATA POINTS NORMALLY DISTRIBUTED (N):          191
 N*LOG(2PI) CONSTANT TO OBJECTIVE FUNCTION:    351.03451968418494     
 OBJECTIVE FUNCTION VALUE WITHOUT CONSTANT:    877.83766042831519     
 OBJECTIVE FUNCTION VALUE WITH CONSTANT:       1228.8721801125002     
 REPORTED OBJECTIVE FUNCTION DOES NOT CONTAIN CONSTANT
  
 TOTAL EFFECTIVE ETAS (NIND*NETA):                            39
  
 #TERE:
 Elapsed estimation  time in seconds:   236.61
 Elapsed covariance  time in seconds:   311.51
 Elapsed postprocess time in seconds:     4.74
1
 
 
 
 
 
 
 
 
 
 
 
 
 
 
 
 
 
 
 
 
 ************************************************************************************************************************
 ********************                                                                                ********************
 ********************               FIRST ORDER CONDITIONAL ESTIMATION WITH INTERACTION              ********************
 #OBJT:**************                       MINIMUM VALUE OF OBJECTIVE FUNCTION                      ********************
 ********************                                                                                ********************
 ************************************************************************************************************************
 





 #OBJV:********************************************      877.838       **************************************************
1
 ************************************************************************************************************************
 ********************                                                                                ********************
 ********************               FIRST ORDER CONDITIONAL ESTIMATION WITH INTERACTION              ********************
 ********************                             FINAL PARAMETER ESTIMATE                           ********************
 ********************                                                                                ********************
 ************************************************************************************************************************
 


 THETA - VECTOR OF FIXED EFFECTS PARAMETERS   *********


         TH 1      TH 2      TH 3      TH 4      TH 5      TH 6      TH 7      TH 8     
 
         2.53E+01  4.25E+00  4.50E+01  2.89E+00  3.60E+01  1.59E+01  2.11E+01  1.03E+02
 


 OMEGA - COV MATRIX FOR RANDOM EFFECTS - ETAS  ********


         ETA1      ETA2      ETA3      ETA4      ETA5      ETA6      ETA7      ETA8     
 
 ETA1
+        0.00E+00
 
 ETA2
+        0.00E+00  4.47E-01
 
 ETA3
+        0.00E+00  0.00E+00  0.00E+00
 
 ETA4
+        0.00E+00  0.00E+00  0.00E+00  0.00E+00
 
 ETA5
+        0.00E+00  0.00E+00  0.00E+00  0.00E+00  5.07E-01
 
 ETA6
+        0.00E+00  0.00E+00  0.00E+00  0.00E+00  0.00E+00  1.64E-01
 
 ETA7
+        0.00E+00  0.00E+00  0.00E+00  0.00E+00  0.00E+00  0.00E+00  0.00E+00
 
 ETA8
+        0.00E+00  0.00E+00  0.00E+00  0.00E+00  0.00E+00  0.00E+00  0.00E+00  0.00E+00
 


 SIGMA - COV MATRIX FOR RANDOM EFFECTS - EPSILONS  ****


         EPS1      EPS2     
 
 EPS1
+        6.78E-02
 
 EPS2
+        0.00E+00  7.13E-02
 
1


 OMEGA - CORR MATRIX FOR RANDOM EFFECTS - ETAS  *******


         ETA1      ETA2      ETA3      ETA4      ETA5      ETA6      ETA7      ETA8     
 
 ETA1
+        0.00E+00
 
 ETA2
+        0.00E+00  6.69E-01
 
 ETA3
+        0.00E+00  0.00E+00  0.00E+00
 
 ETA4
+        0.00E+00  0.00E+00  0.00E+00  0.00E+00
 
 ETA5
+        0.00E+00  0.00E+00  0.00E+00  0.00E+00  7.12E-01
 
 ETA6
+        0.00E+00  0.00E+00  0.00E+00  0.00E+00  0.00E+00  4.05E-01
 
 ETA7
+        0.00E+00  0.00E+00  0.00E+00  0.00E+00  0.00E+00  0.00E+00  0.00E+00
 
 ETA8
+        0.00E+00  0.00E+00  0.00E+00  0.00E+00  0.00E+00  0.00E+00  0.00E+00  0.00E+00
 


 SIGMA - CORR MATRIX FOR RANDOM EFFECTS - EPSILONS  ***


         EPS1      EPS2     
 
 EPS1
+        2.60E-01
 
 EPS2
+        0.00E+00  2.67E-01
 
1
 ************************************************************************************************************************
 ********************                                                                                ********************
 ********************               FIRST ORDER CONDITIONAL ESTIMATION WITH INTERACTION              ********************
 ********************                            STANDARD ERROR OF ESTIMATE                          ********************
 ********************                                                                                ********************
 ************************************************************************************************************************
 


 THETA - VECTOR OF FIXED EFFECTS PARAMETERS   *********


         TH 1      TH 2      TH 3      TH 4      TH 5      TH 6      TH 7      TH 8     
 
         3.38E+00  9.58E-01  1.38E+01  5.85E-01  1.99E+01  1.89E+00  1.46E+01  7.85E+01
 


 OMEGA - COV MATRIX FOR RANDOM EFFECTS - ETAS  ********


         ETA1      ETA2      ETA3      ETA4      ETA5      ETA6      ETA7      ETA8     
 
 ETA1
+       .........
 
 ETA2
+       .........  1.84E-01
 
 ETA3
+       ......... ......... .........
 
 ETA4
+       ......... ......... ......... .........
 
 ETA5
+       ......... ......... ......... .........  4.51E-01
 
 ETA6
+       ......... ......... ......... ......... .........  7.83E-02
 
 ETA7
+       ......... ......... ......... ......... ......... ......... .........
 
 ETA8
+       ......... ......... ......... ......... ......... ......... ......... .........
 


 SIGMA - COV MATRIX FOR RANDOM EFFECTS - EPSILONS  ****


         EPS1      EPS2     
 
 EPS1
+        1.33E-02
 
 EPS2
+       .........  1.06E-02
 
1


 OMEGA - CORR MATRIX FOR RANDOM EFFECTS - ETAS  *******


         ETA1      ETA2      ETA3      ETA4      ETA5      ETA6      ETA7      ETA8     
 
 ETA1
+       .........
 
 ETA2
+       .........  1.38E-01
 
 ETA3
+       ......... ......... .........
 
 ETA4
+       ......... ......... ......... .........
 
 ETA5
+       ......... ......... ......... .........  3.16E-01
 
 ETA6
+       ......... ......... ......... ......... .........  9.66E-02
 
 ETA7
+       ......... ......... ......... ......... ......... ......... .........
 
 ETA8
+       ......... ......... ......... ......... ......... ......... ......... .........
 


 SIGMA - CORR MATRIX FOR RANDOM EFFECTS - EPSILONS  ***


         EPS1      EPS2     
 
 EPS1
+        2.55E-02
 
 EPS2
+       .........  1.99E-02
 
1
 ************************************************************************************************************************
 ********************                                                                                ********************
 ********************               FIRST ORDER CONDITIONAL ESTIMATION WITH INTERACTION              ********************
 ********************                          COVARIANCE MATRIX OF ESTIMATE                         ********************
 ********************                                                                                ********************
 ************************************************************************************************************************
 

            TH 1      TH 2      TH 3      TH 4      TH 5      TH 6      TH 7      TH 8      OM11      OM12      OM13      OM14  
             OM15      OM16      OM17      OM18      OM22      OM23      OM24      OM25      OM26      OM27      OM28      OM33  
            OM34      OM35      OM36      OM37      OM38      OM44      OM45      OM46      OM47      OM48      OM55      OM56  
             OM57      OM58      OM66      OM67      OM68      OM77      OM78      OM88      SG11      SG12      SG22  
 
 TH 1
+        1.14E+01
 
 TH 2
+        9.64E-01  9.18E-01
 
 TH 3
+       -1.61E+00 -6.53E+00  1.92E+02
 
 TH 4
+       -6.92E-01  2.86E-02 -1.03E+00  3.43E-01
 
 TH 5
+        5.58E+01  7.90E+00 -3.17E+00 -3.63E+00  3.97E+02
 
 TH 6
+        3.02E+00  1.20E+00  1.77E-02  6.91E-02  2.35E+01  3.59E+00
 
 TH 7
+       -4.03E+01 -1.47E+00 -3.19E+01  3.96E+00 -2.60E+02 -7.69E+00  2.12E+02
 
 TH 8
+        4.50E+01 -4.33E+01  1.32E+01 -1.26E+01 -4.25E+02 -6.72E+01  3.36E+01  6.16E+03
 
 OM11
+       ......... ......... ......... ......... ......... ......... ......... ......... .........
 
 OM12
+       ......... ......... ......... ......... ......... ......... ......... ......... ......... .........
 
 OM13
+       ......... ......... ......... ......... ......... ......... ......... ......... ......... ......... .........
 
 OM14
+       ......... ......... ......... ......... ......... ......... ......... ......... ......... ......... ......... .........
 
 OM15
+       ......... ......... ......... ......... ......... ......... ......... ......... ......... ......... ......... .........
         .........
 
 OM16
+       ......... ......... ......... ......... ......... ......... ......... ......... ......... ......... ......... .........
         ......... .........
 
 OM17
+       ......... ......... ......... ......... ......... ......... ......... ......... ......... ......... ......... .........
         ......... ......... .........
 
 OM18
+       ......... ......... ......... ......... ......... ......... ......... ......... ......... ......... ......... .........
         ......... ......... ......... .........
 
 OM22
+        2.45E-01 -6.56E-02  8.30E-01 -1.62E-02  4.04E-01  3.08E-02 -6.30E-01  7.11E+00 ......... ......... ......... .........
         ......... ......... ......... .........  3.39E-02
 
 OM23
+       ......... ......... ......... ......... ......... ......... ......... ......... ......... ......... ......... .........
         ......... ......... ......... ......... ......... .........
 
1

            TH 1      TH 2      TH 3      TH 4      TH 5      TH 6      TH 7      TH 8      OM11      OM12      OM13      OM14  
             OM15      OM16      OM17      OM18      OM22      OM23      OM24      OM25      OM26      OM27      OM28      OM33  
            OM34      OM35      OM36      OM37      OM38      OM44      OM45      OM46      OM47      OM48      OM55      OM56  
             OM57      OM58      OM66      OM67      OM68      OM77      OM78      OM88      SG11      SG12      SG22  
 
 OM24
+       ......... ......... ......... ......... ......... ......... ......... ......... ......... ......... ......... .........
         ......... ......... ......... ......... ......... ......... .........
 
 OM25
+       ......... ......... ......... ......... ......... ......... ......... ......... ......... ......... ......... .........
         ......... ......... ......... ......... ......... ......... ......... .........
 
 OM26
+       ......... ......... ......... ......... ......... ......... ......... ......... ......... ......... ......... .........
         ......... ......... ......... ......... ......... ......... ......... ......... .........
 
 OM27
+       ......... ......... ......... ......... ......... ......... ......... ......... ......... ......... ......... .........
         ......... ......... ......... ......... ......... ......... ......... ......... ......... .........
 
 OM28
+       ......... ......... ......... ......... ......... ......... ......... ......... ......... ......... ......... .........
         ......... ......... ......... ......... ......... ......... ......... ......... ......... ......... .........
 
 OM33
+       ......... ......... ......... ......... ......... ......... ......... ......... ......... ......... ......... .........
         ......... ......... ......... ......... ......... ......... ......... ......... ......... ......... ......... .........
 
 OM34
+       ......... ......... ......... ......... ......... ......... ......... ......... ......... ......... ......... .........
         ......... ......... ......... ......... ......... ......... ......... ......... ......... ......... ......... .........
        .........
 
 OM35
+       ......... ......... ......... ......... ......... ......... ......... ......... ......... ......... ......... .........
         ......... ......... ......... ......... ......... ......... ......... ......... ......... ......... ......... .........
        ......... .........
 
 OM36
+       ......... ......... ......... ......... ......... ......... ......... ......... ......... ......... ......... .........
         ......... ......... ......... ......... ......... ......... ......... ......... ......... ......... ......... .........
        ......... ......... .........
 
 OM37
+       ......... ......... ......... ......... ......... ......... ......... ......... ......... ......... ......... .........
         ......... ......... ......... ......... ......... ......... ......... ......... ......... ......... ......... .........
        ......... ......... ......... .........
 
 OM38
+       ......... ......... ......... ......... ......... ......... ......... ......... ......... ......... ......... .........
         ......... ......... ......... ......... ......... ......... ......... ......... ......... ......... ......... .........
        ......... ......... ......... ......... .........
 
 OM44
+       ......... ......... ......... ......... ......... ......... ......... ......... ......... ......... ......... .........
         ......... ......... ......... ......... ......... ......... ......... ......... ......... ......... ......... .........
        ......... ......... ......... ......... ......... .........
 
 OM45
+       ......... ......... ......... ......... ......... ......... ......... ......... ......... ......... ......... .........
         ......... ......... ......... ......... ......... ......... ......... ......... ......... ......... ......... .........
        ......... ......... ......... ......... ......... ......... .........
 
 OM46
+       ......... ......... ......... ......... ......... ......... ......... ......... ......... ......... ......... .........
         ......... ......... ......... ......... ......... ......... ......... ......... ......... ......... ......... .........
        ......... ......... ......... ......... ......... ......... ......... .........
 
1

            TH 1      TH 2      TH 3      TH 4      TH 5      TH 6      TH 7      TH 8      OM11      OM12      OM13      OM14  
             OM15      OM16      OM17      OM18      OM22      OM23      OM24      OM25      OM26      OM27      OM28      OM33  
            OM34      OM35      OM36      OM37      OM38      OM44      OM45      OM46      OM47      OM48      OM55      OM56  
             OM57      OM58      OM66      OM67      OM68      OM77      OM78      OM88      SG11      SG12      SG22  
 
 OM47
+       ......... ......... ......... ......... ......... ......... ......... ......... ......... ......... ......... .........
         ......... ......... ......... ......... ......... ......... ......... ......... ......... ......... ......... .........
        ......... ......... ......... ......... ......... ......... ......... ......... .........
 
 OM48
+       ......... ......... ......... ......... ......... ......... ......... ......... ......... ......... ......... .........
         ......... ......... ......... ......... ......... ......... ......... ......... ......... ......... ......... .........
        ......... ......... ......... ......... ......... ......... ......... ......... ......... .........
 
 OM55
+       -1.19E+00 -9.18E-02  1.09E-01  5.81E-02 -7.65E+00 -2.89E-01  5.63E+00  7.33E+00 ......... ......... ......... .........
         ......... ......... ......... ......... -5.93E-03 ......... ......... ......... ......... ......... ......... .........
        ......... ......... ......... ......... ......... ......... ......... ......... ......... .........  2.03E-01
 
 OM56
+       ......... ......... ......... ......... ......... ......... ......... ......... ......... ......... ......... .........
         ......... ......... ......... ......... ......... ......... ......... ......... ......... ......... ......... .........
        ......... ......... ......... ......... ......... ......... ......... ......... ......... ......... ......... .........
 
 OM57
+       ......... ......... ......... ......... ......... ......... ......... ......... ......... ......... ......... .........
         ......... ......... ......... ......... ......... ......... ......... ......... ......... ......... ......... .........
        ......... ......... ......... ......... ......... ......... ......... ......... ......... ......... ......... .........
         .........
 
 OM58
+       ......... ......... ......... ......... ......... ......... ......... ......... ......... ......... ......... .........
         ......... ......... ......... ......... ......... ......... ......... ......... ......... ......... ......... .........
        ......... ......... ......... ......... ......... ......... ......... ......... ......... ......... ......... .........
         ......... .........
 
 OM66
+        7.54E-02  7.10E-03  5.98E-01 -1.78E-02  3.78E-01  6.09E-02 -3.04E-01  1.94E-01 ......... ......... ......... .........
         ......... ......... ......... .........  7.58E-03 ......... ......... ......... ......... ......... ......... .........
        ......... ......... ......... ......... ......... ......... ......... ......... ......... .........  2.21E-03 .........
         ......... .........  6.13E-03
 
 OM67
+       ......... ......... ......... ......... ......... ......... ......... ......... ......... ......... ......... .........
         ......... ......... ......... ......... ......... ......... ......... ......... ......... ......... ......... .........
        ......... ......... ......... ......... ......... ......... ......... ......... ......... ......... ......... .........
         ......... ......... ......... .........
 
 OM68
+       ......... ......... ......... ......... ......... ......... ......... ......... ......... ......... ......... .........
         ......... ......... ......... ......... ......... ......... ......... ......... ......... ......... ......... .........
        ......... ......... ......... ......... ......... ......... ......... ......... ......... ......... ......... .........
         ......... ......... ......... ......... .........
 
 OM77
+       ......... ......... ......... ......... ......... ......... ......... ......... ......... ......... ......... .........
         ......... ......... ......... ......... ......... ......... ......... ......... ......... ......... ......... .........
        ......... ......... ......... ......... ......... ......... ......... ......... ......... ......... ......... .........
         ......... ......... ......... ......... ......... .........
 
1

            TH 1      TH 2      TH 3      TH 4      TH 5      TH 6      TH 7      TH 8      OM11      OM12      OM13      OM14  
             OM15      OM16      OM17      OM18      OM22      OM23      OM24      OM25      OM26      OM27      OM28      OM33  
            OM34      OM35      OM36      OM37      OM38      OM44      OM45      OM46      OM47      OM48      OM55      OM56  
             OM57      OM58      OM66      OM67      OM68      OM77      OM78      OM88      SG11      SG12      SG22  
 
 OM78
+       ......... ......... ......... ......... ......... ......... ......... ......... ......... ......... ......... .........
         ......... ......... ......... ......... ......... ......... ......... ......... ......... ......... ......... .........
        ......... ......... ......... ......... ......... ......... ......... ......... ......... ......... ......... .........
         ......... ......... ......... ......... ......... ......... .........
 
 OM88
+       ......... ......... ......... ......... ......... ......... ......... ......... ......... ......... ......... .........
         ......... ......... ......... ......... ......... ......... ......... ......... ......... ......... ......... .........
        ......... ......... ......... ......... ......... ......... ......... ......... ......... ......... ......... .........
         ......... ......... ......... ......... ......... ......... ......... .........
 
 SG11
+       -4.11E-03  7.64E-03 -2.50E-03  2.45E-03 -5.79E-03  6.54E-03  2.37E-02 -6.87E-01 ......... ......... ......... .........
         ......... ......... ......... ......... -4.11E-04 ......... ......... ......... ......... ......... ......... .........
        ......... ......... ......... ......... ......... ......... ......... ......... ......... .........  8.08E-05 .........
         ......... .........  2.32E-04 ......... ......... ......... ......... .........  1.76E-04
 
 SG12
+       ......... ......... ......... ......... ......... ......... ......... ......... ......... ......... ......... .........
         ......... ......... ......... ......... ......... ......... ......... ......... ......... ......... ......... .........
        ......... ......... ......... ......... ......... ......... ......... ......... ......... ......... ......... .........
         ......... ......... ......... ......... ......... ......... ......... ......... ......... .........
 
 SG22
+       -2.30E-02  9.68E-04 -1.43E-02  3.18E-03 -9.90E-02 -3.42E-04  1.09E-01 -3.71E-01 ......... ......... ......... .........
         ......... ......... ......... ......... -7.47E-04 ......... ......... ......... ......... ......... ......... .........
        ......... ......... ......... ......... ......... ......... ......... ......... ......... .........  2.19E-03 .........
         ......... ......... -2.79E-04 ......... ......... ......... ......... .........  3.69E-05 .........  1.13E-04
 
1
 ************************************************************************************************************************
 ********************                                                                                ********************
 ********************               FIRST ORDER CONDITIONAL ESTIMATION WITH INTERACTION              ********************
 ********************                          CORRELATION MATRIX OF ESTIMATE                        ********************
 ********************                                                                                ********************
 ************************************************************************************************************************
 

            TH 1      TH 2      TH 3      TH 4      TH 5      TH 6      TH 7      TH 8      OM11      OM12      OM13      OM14  
             OM15      OM16      OM17      OM18      OM22      OM23      OM24      OM25      OM26      OM27      OM28      OM33  
            OM34      OM35      OM36      OM37      OM38      OM44      OM45      OM46      OM47      OM48      OM55      OM56  
             OM57      OM58      OM66      OM67      OM68      OM77      OM78      OM88      SG11      SG12      SG22  
 
 TH 1
+        3.38E+00
 
 TH 2
+        2.98E-01  9.58E-01
 
 TH 3
+       -3.44E-02 -4.93E-01  1.38E+01
 
 TH 4
+       -3.50E-01  5.10E-02 -1.27E-01  5.85E-01
 
 TH 5
+        8.29E-01  4.14E-01 -1.15E-02 -3.12E-01  1.99E+01
 
 TH 6
+        4.71E-01  6.59E-01  6.73E-04  6.23E-02  6.22E-01  1.89E+00
 
 TH 7
+       -8.18E-01 -1.05E-01 -1.58E-01  4.65E-01 -8.97E-01 -2.79E-01  1.46E+01
 
 TH 8
+        1.70E-01 -5.75E-01  1.22E-02 -2.74E-01 -2.72E-01 -4.52E-01  2.94E-02  7.85E+01
 
 OM11
+       ......... ......... ......... ......... ......... ......... ......... ......... .........
 
 OM12
+       ......... ......... ......... ......... ......... ......... ......... ......... ......... .........
 
 OM13
+       ......... ......... ......... ......... ......... ......... ......... ......... ......... ......... .........
 
 OM14
+       ......... ......... ......... ......... ......... ......... ......... ......... ......... ......... ......... .........
 
 OM15
+       ......... ......... ......... ......... ......... ......... ......... ......... ......... ......... ......... .........
         .........
 
 OM16
+       ......... ......... ......... ......... ......... ......... ......... ......... ......... ......... ......... .........
         ......... .........
 
 OM17
+       ......... ......... ......... ......... ......... ......... ......... ......... ......... ......... ......... .........
         ......... ......... .........
 
 OM18
+       ......... ......... ......... ......... ......... ......... ......... ......... ......... ......... ......... .........
         ......... ......... ......... .........
 
 OM22
+        3.94E-01 -3.72E-01  3.25E-01 -1.50E-01  1.10E-01  8.81E-02 -2.35E-01  4.92E-01 ......... ......... ......... .........
         ......... ......... ......... .........  1.84E-01
 
 OM23
+       ......... ......... ......... ......... ......... ......... ......... ......... ......... ......... ......... .........
         ......... ......... ......... ......... ......... .........
 
1

            TH 1      TH 2      TH 3      TH 4      TH 5      TH 6      TH 7      TH 8      OM11      OM12      OM13      OM14  
             OM15      OM16      OM17      OM18      OM22      OM23      OM24      OM25      OM26      OM27      OM28      OM33  
            OM34      OM35      OM36      OM37      OM38      OM44      OM45      OM46      OM47      OM48      OM55      OM56  
             OM57      OM58      OM66      OM67      OM68      OM77      OM78      OM88      SG11      SG12      SG22  
 
 OM24
+       ......... ......... ......... ......... ......... ......... ......... ......... ......... ......... ......... .........
         ......... ......... ......... ......... ......... ......... .........
 
 OM25
+       ......... ......... ......... ......... ......... ......... ......... ......... ......... ......... ......... .........
         ......... ......... ......... ......... ......... ......... ......... .........
 
 OM26
+       ......... ......... ......... ......... ......... ......... ......... ......... ......... ......... ......... .........
         ......... ......... ......... ......... ......... ......... ......... ......... .........
 
 OM27
+       ......... ......... ......... ......... ......... ......... ......... ......... ......... ......... ......... .........
         ......... ......... ......... ......... ......... ......... ......... ......... ......... .........
 
 OM28
+       ......... ......... ......... ......... ......... ......... ......... ......... ......... ......... ......... .........
         ......... ......... ......... ......... ......... ......... ......... ......... ......... ......... .........
 
 OM33
+       ......... ......... ......... ......... ......... ......... ......... ......... ......... ......... ......... .........
         ......... ......... ......... ......... ......... ......... ......... ......... ......... ......... ......... .........
 
 OM34
+       ......... ......... ......... ......... ......... ......... ......... ......... ......... ......... ......... .........
         ......... ......... ......... ......... ......... ......... ......... ......... ......... ......... ......... .........
        .........
 
 OM35
+       ......... ......... ......... ......... ......... ......... ......... ......... ......... ......... ......... .........
         ......... ......... ......... ......... ......... ......... ......... ......... ......... ......... ......... .........
        ......... .........
 
 OM36
+       ......... ......... ......... ......... ......... ......... ......... ......... ......... ......... ......... .........
         ......... ......... ......... ......... ......... ......... ......... ......... ......... ......... ......... .........
        ......... ......... .........
 
 OM37
+       ......... ......... ......... ......... ......... ......... ......... ......... ......... ......... ......... .........
         ......... ......... ......... ......... ......... ......... ......... ......... ......... ......... ......... .........
        ......... ......... ......... .........
 
 OM38
+       ......... ......... ......... ......... ......... ......... ......... ......... ......... ......... ......... .........
         ......... ......... ......... ......... ......... ......... ......... ......... ......... ......... ......... .........
        ......... ......... ......... ......... .........
 
 OM44
+       ......... ......... ......... ......... ......... ......... ......... ......... ......... ......... ......... .........
         ......... ......... ......... ......... ......... ......... ......... ......... ......... ......... ......... .........
        ......... ......... ......... ......... ......... .........
 
 OM45
+       ......... ......... ......... ......... ......... ......... ......... ......... ......... ......... ......... .........
         ......... ......... ......... ......... ......... ......... ......... ......... ......... ......... ......... .........
        ......... ......... ......... ......... ......... ......... .........
 
 OM46
+       ......... ......... ......... ......... ......... ......... ......... ......... ......... ......... ......... .........
         ......... ......... ......... ......... ......... ......... ......... ......... ......... ......... ......... .........
        ......... ......... ......... ......... ......... ......... ......... .........
 
1

            TH 1      TH 2      TH 3      TH 4      TH 5      TH 6      TH 7      TH 8      OM11      OM12      OM13      OM14  
             OM15      OM16      OM17      OM18      OM22      OM23      OM24      OM25      OM26      OM27      OM28      OM33  
            OM34      OM35      OM36      OM37      OM38      OM44      OM45      OM46      OM47      OM48      OM55      OM56  
             OM57      OM58      OM66      OM67      OM68      OM77      OM78      OM88      SG11      SG12      SG22  
 
 OM47
+       ......... ......... ......... ......... ......... ......... ......... ......... ......... ......... ......... .........
         ......... ......... ......... ......... ......... ......... ......... ......... ......... ......... ......... .........
        ......... ......... ......... ......... ......... ......... ......... ......... .........
 
 OM48
+       ......... ......... ......... ......... ......... ......... ......... ......... ......... ......... ......... .........
         ......... ......... ......... ......... ......... ......... ......... ......... ......... ......... ......... .........
        ......... ......... ......... ......... ......... ......... ......... ......... ......... .........
 
 OM55
+       -7.81E-01 -2.13E-01  1.75E-02  2.20E-01 -8.52E-01 -3.38E-01  8.57E-01  2.07E-01 ......... ......... ......... .........
         ......... ......... ......... ......... -7.14E-02 ......... ......... ......... ......... ......... ......... .........
        ......... ......... ......... ......... ......... ......... ......... ......... ......... .........  4.51E-01
 
 OM56
+       ......... ......... ......... ......... ......... ......... ......... ......... ......... ......... ......... .........
         ......... ......... ......... ......... ......... ......... ......... ......... ......... ......... ......... .........
        ......... ......... ......... ......... ......... ......... ......... ......... ......... ......... ......... .........
 
 OM57
+       ......... ......... ......... ......... ......... ......... ......... ......... ......... ......... ......... .........
         ......... ......... ......... ......... ......... ......... ......... ......... ......... ......... ......... .........
        ......... ......... ......... ......... ......... ......... ......... ......... ......... ......... ......... .........
         .........
 
 OM58
+       ......... ......... ......... ......... ......... ......... ......... ......... ......... ......... ......... .........
         ......... ......... ......... ......... ......... ......... ......... ......... ......... ......... ......... .........
        ......... ......... ......... ......... ......... ......... ......... ......... ......... ......... ......... .........
         ......... .........
 
 OM66
+        2.85E-01  9.47E-02  5.52E-01 -3.87E-01  2.43E-01  4.11E-01 -2.66E-01  3.15E-02 ......... ......... ......... .........
         ......... ......... ......... .........  5.25E-01 ......... ......... ......... ......... ......... ......... .........
        ......... ......... ......... ......... ......... ......... ......... ......... ......... .........  6.26E-02 .........
         ......... .........  7.83E-02
 
 OM67
+       ......... ......... ......... ......... ......... ......... ......... ......... ......... ......... ......... .........
         ......... ......... ......... ......... ......... ......... ......... ......... ......... ......... ......... .........
        ......... ......... ......... ......... ......... ......... ......... ......... ......... ......... ......... .........
         ......... ......... ......... .........
 
 OM68
+       ......... ......... ......... ......... ......... ......... ......... ......... ......... ......... ......... .........
         ......... ......... ......... ......... ......... ......... ......... ......... ......... ......... ......... .........
        ......... ......... ......... ......... ......... ......... ......... ......... ......... ......... ......... .........
         ......... ......... ......... ......... .........
 
 OM77
+       ......... ......... ......... ......... ......... ......... ......... ......... ......... ......... ......... .........
         ......... ......... ......... ......... ......... ......... ......... ......... ......... ......... ......... .........
        ......... ......... ......... ......... ......... ......... ......... ......... ......... ......... ......... .........
         ......... ......... ......... ......... ......... .........
 
1

            TH 1      TH 2      TH 3      TH 4      TH 5      TH 6      TH 7      TH 8      OM11      OM12      OM13      OM14  
             OM15      OM16      OM17      OM18      OM22      OM23      OM24      OM25      OM26      OM27      OM28      OM33  
            OM34      OM35      OM36      OM37      OM38      OM44      OM45      OM46      OM47      OM48      OM55      OM56  
             OM57      OM58      OM66      OM67      OM68      OM77      OM78      OM88      SG11      SG12      SG22  
 
 OM78
+       ......... ......... ......... ......... ......... ......... ......... ......... ......... ......... ......... .........
         ......... ......... ......... ......... ......... ......... ......... ......... ......... ......... ......... .........
        ......... ......... ......... ......... ......... ......... ......... ......... ......... ......... ......... .........
         ......... ......... ......... ......... ......... ......... .........
 
 OM88
+       ......... ......... ......... ......... ......... ......... ......... ......... ......... ......... ......... .........
         ......... ......... ......... ......... ......... ......... ......... ......... ......... ......... ......... .........
        ......... ......... ......... ......... ......... ......... ......... ......... ......... ......... ......... .........
         ......... ......... ......... ......... ......... ......... ......... .........
 
 SG11
+       -9.17E-02  6.01E-01 -1.36E-02  3.15E-01 -2.19E-02  2.60E-01  1.22E-01 -6.59E-01 ......... ......... ......... .........
         ......... ......... ......... ......... -1.68E-01 ......... ......... ......... ......... ......... ......... .........
        ......... ......... ......... ......... ......... ......... ......... ......... ......... .........  1.35E-02 .........
         ......... .........  2.23E-01 ......... ......... ......... ......... .........  1.33E-02
 
 SG12
+       ......... ......... ......... ......... ......... ......... ......... ......... ......... ......... ......... .........
         ......... ......... ......... ......... ......... ......... ......... ......... ......... ......... ......... .........
        ......... ......... ......... ......... ......... ......... ......... ......... ......... ......... ......... .........
         ......... ......... ......... ......... ......... ......... ......... ......... ......... .........
 
 SG22
+       -6.41E-01  9.51E-02 -9.70E-02  5.12E-01 -4.68E-01 -1.70E-02  7.04E-01 -4.45E-01 ......... ......... ......... .........
         ......... ......... ......... ......... -3.81E-01 ......... ......... ......... ......... ......... ......... .........
        ......... ......... ......... ......... ......... ......... ......... ......... ......... .........  4.57E-01 .........
         ......... ......... -3.36E-01 ......... ......... ......... ......... .........  2.62E-01 .........  1.06E-02
 
1
 ************************************************************************************************************************
 ********************                                                                                ********************
 ********************               FIRST ORDER CONDITIONAL ESTIMATION WITH INTERACTION              ********************
 ********************                      INVERSE COVARIANCE MATRIX OF ESTIMATE                     ********************
 ********************                                                                                ********************
 ************************************************************************************************************************
 

            TH 1      TH 2      TH 3      TH 4      TH 5      TH 6      TH 7      TH 8      OM11      OM12      OM13      OM14  
             OM15      OM16      OM17      OM18      OM22      OM23      OM24      OM25      OM26      OM27      OM28      OM33  
            OM34      OM35      OM36      OM37      OM38      OM44      OM45      OM46      OM47      OM48      OM55      OM56  
             OM57      OM58      OM66      OM67      OM68      OM77      OM78      OM88      SG11      SG12      SG22  
 
 TH 1
+        1.06E+08
 
 TH 2
+       -2.08E+08  4.11E+08
 
 TH 3
+       -1.35E+07  2.66E+07  1.72E+06
 
 TH 4
+        2.51E+07 -4.94E+07 -3.20E+06  5.94E+06
 
 TH 5
+       -3.85E+07  7.58E+07  4.91E+06 -9.12E+06  1.40E+07
 
 TH 6
+        1.09E+08 -2.14E+08 -1.39E+07  2.57E+07 -3.95E+07  1.12E+08
 
 TH 7
+       -3.70E+07  7.30E+07  4.72E+06 -8.77E+06  1.35E+07 -3.80E+07  1.30E+07
 
 TH 8
+       -3.54E+06  6.98E+06  4.52E+05 -8.40E+05  1.29E+06 -3.64E+06  1.24E+06  1.19E+05
 
 OM11
+       ......... ......... ......... ......... ......... ......... ......... ......... .........
 
 OM12
+       ......... ......... ......... ......... ......... ......... ......... ......... ......... .........
 
 OM13
+       ......... ......... ......... ......... ......... ......... ......... ......... ......... ......... .........
 
 OM14
+       ......... ......... ......... ......... ......... ......... ......... ......... ......... ......... ......... .........
 
 OM15
+       ......... ......... ......... ......... ......... ......... ......... ......... ......... ......... ......... .........
         .........
 
 OM16
+       ......... ......... ......... ......... ......... ......... ......... ......... ......... ......... ......... .........
         ......... .........
 
 OM17
+       ......... ......... ......... ......... ......... ......... ......... ......... ......... ......... ......... .........
         ......... ......... .........
 
 OM18
+       ......... ......... ......... ......... ......... ......... ......... ......... ......... ......... ......... .........
         ......... ......... ......... .........
 
 OM22
+       -5.26E+08  1.04E+09  6.71E+07 -1.25E+08  1.91E+08 -5.40E+08  1.84E+08  1.76E+07 ......... ......... ......... .........
         ......... ......... ......... .........  2.62E+09
 
 OM23
+       ......... ......... ......... ......... ......... ......... ......... ......... ......... ......... ......... .........
         ......... ......... ......... ......... ......... .........
 
1

            TH 1      TH 2      TH 3      TH 4      TH 5      TH 6      TH 7      TH 8      OM11      OM12      OM13      OM14  
             OM15      OM16      OM17      OM18      OM22      OM23      OM24      OM25      OM26      OM27      OM28      OM33  
            OM34      OM35      OM36      OM37      OM38      OM44      OM45      OM46      OM47      OM48      OM55      OM56  
             OM57      OM58      OM66      OM67      OM68      OM77      OM78      OM88      SG11      SG12      SG22  
 
 OM24
+       ......... ......... ......... ......... ......... ......... ......... ......... ......... ......... ......... .........
         ......... ......... ......... ......... ......... ......... .........
 
 OM25
+       ......... ......... ......... ......... ......... ......... ......... ......... ......... ......... ......... .........
         ......... ......... ......... ......... ......... ......... ......... .........
 
 OM26
+       ......... ......... ......... ......... ......... ......... ......... ......... ......... ......... ......... .........
         ......... ......... ......... ......... ......... ......... ......... ......... .........
 
 OM27
+       ......... ......... ......... ......... ......... ......... ......... ......... ......... ......... ......... .........
         ......... ......... ......... ......... ......... ......... ......... ......... ......... .........
 
 OM28
+       ......... ......... ......... ......... ......... ......... ......... ......... ......... ......... ......... .........
         ......... ......... ......... ......... ......... ......... ......... ......... ......... ......... .........
 
 OM33
+       ......... ......... ......... ......... ......... ......... ......... ......... ......... ......... ......... .........
         ......... ......... ......... ......... ......... ......... ......... ......... ......... ......... ......... .........
 
 OM34
+       ......... ......... ......... ......... ......... ......... ......... ......... ......... ......... ......... .........
         ......... ......... ......... ......... ......... ......... ......... ......... ......... ......... ......... .........
        .........
 
 OM35
+       ......... ......... ......... ......... ......... ......... ......... ......... ......... ......... ......... .........
         ......... ......... ......... ......... ......... ......... ......... ......... ......... ......... ......... .........
        ......... .........
 
 OM36
+       ......... ......... ......... ......... ......... ......... ......... ......... ......... ......... ......... .........
         ......... ......... ......... ......... ......... ......... ......... ......... ......... ......... ......... .........
        ......... ......... .........
 
 OM37
+       ......... ......... ......... ......... ......... ......... ......... ......... ......... ......... ......... .........
         ......... ......... ......... ......... ......... ......... ......... ......... ......... ......... ......... .........
        ......... ......... ......... .........
 
 OM38
+       ......... ......... ......... ......... ......... ......... ......... ......... ......... ......... ......... .........
         ......... ......... ......... ......... ......... ......... ......... ......... ......... ......... ......... .........
        ......... ......... ......... ......... .........
 
 OM44
+       ......... ......... ......... ......... ......... ......... ......... ......... ......... ......... ......... .........
         ......... ......... ......... ......... ......... ......... ......... ......... ......... ......... ......... .........
        ......... ......... ......... ......... ......... .........
 
 OM45
+       ......... ......... ......... ......... ......... ......... ......... ......... ......... ......... ......... .........
         ......... ......... ......... ......... ......... ......... ......... ......... ......... ......... ......... .........
        ......... ......... ......... ......... ......... ......... .........
 
 OM46
+       ......... ......... ......... ......... ......... ......... ......... ......... ......... ......... ......... .........
         ......... ......... ......... ......... ......... ......... ......... ......... ......... ......... ......... .........
        ......... ......... ......... ......... ......... ......... ......... .........
 
1

            TH 1      TH 2      TH 3      TH 4      TH 5      TH 6      TH 7      TH 8      OM11      OM12      OM13      OM14  
             OM15      OM16      OM17      OM18      OM22      OM23      OM24      OM25      OM26      OM27      OM28      OM33  
            OM34      OM35      OM36      OM37      OM38      OM44      OM45      OM46      OM47      OM48      OM55      OM56  
             OM57      OM58      OM66      OM67      OM68      OM77      OM78      OM88      SG11      SG12      SG22  
 
 OM47
+       ......... ......... ......... ......... ......... ......... ......... ......... ......... ......... ......... .........
         ......... ......... ......... ......... ......... ......... ......... ......... ......... ......... ......... .........
        ......... ......... ......... ......... ......... ......... ......... ......... .........
 
 OM48
+       ......... ......... ......... ......... ......... ......... ......... ......... ......... ......... ......... .........
         ......... ......... ......... ......... ......... ......... ......... ......... ......... ......... ......... .........
        ......... ......... ......... ......... ......... ......... ......... ......... ......... .........
 
 OM55
+        2.72E+08 -5.36E+08 -3.47E+07  6.44E+07 -9.89E+07  2.79E+08 -9.51E+07 -9.11E+06 ......... ......... ......... .........
         ......... ......... ......... ......... -1.35E+09 ......... ......... ......... ......... ......... ......... .........
        ......... ......... ......... ......... ......... ......... ......... ......... ......... .........  6.99E+08
 
 OM56
+       ......... ......... ......... ......... ......... ......... ......... ......... ......... ......... ......... .........
         ......... ......... ......... ......... ......... ......... ......... ......... ......... ......... ......... .........
        ......... ......... ......... ......... ......... ......... ......... ......... ......... ......... ......... .........
 
 OM57
+       ......... ......... ......... ......... ......... ......... ......... ......... ......... ......... ......... .........
         ......... ......... ......... ......... ......... ......... ......... ......... ......... ......... ......... .........
        ......... ......... ......... ......... ......... ......... ......... ......... ......... ......... ......... .........
         .........
 
 OM58
+       ......... ......... ......... ......... ......... ......... ......... ......... ......... ......... ......... .........
         ......... ......... ......... ......... ......... ......... ......... ......... ......... ......... ......... .........
        ......... ......... ......... ......... ......... ......... ......... ......... ......... ......... ......... .........
         ......... .........
 
 OM66
+        1.11E+09 -2.19E+09 -1.42E+08  2.63E+08 -4.04E+08  1.14E+09 -3.89E+08 -3.72E+07 ......... ......... ......... .........
         ......... ......... ......... ......... -5.52E+09 ......... ......... ......... ......... ......... ......... .........
        ......... ......... ......... ......... ......... ......... ......... ......... ......... .........  2.86E+09 .........
         ......... .........  1.17E+10
 
 OM67
+       ......... ......... ......... ......... ......... ......... ......... ......... ......... ......... ......... .........
         ......... ......... ......... ......... ......... ......... ......... ......... ......... ......... ......... .........
        ......... ......... ......... ......... ......... ......... ......... ......... ......... ......... ......... .........
         ......... ......... ......... .........
 
 OM68
+       ......... ......... ......... ......... ......... ......... ......... ......... ......... ......... ......... .........
         ......... ......... ......... ......... ......... ......... ......... ......... ......... ......... ......... .........
        ......... ......... ......... ......... ......... ......... ......... ......... ......... ......... ......... .........
         ......... ......... ......... ......... .........
 
 OM77
+       ......... ......... ......... ......... ......... ......... ......... ......... ......... ......... ......... .........
         ......... ......... ......... ......... ......... ......... ......... ......... ......... ......... ......... .........
        ......... ......... ......... ......... ......... ......... ......... ......... ......... ......... ......... .........
         ......... ......... ......... ......... ......... .........
 
1

            TH 1      TH 2      TH 3      TH 4      TH 5      TH 6      TH 7      TH 8      OM11      OM12      OM13      OM14  
             OM15      OM16      OM17      OM18      OM22      OM23      OM24      OM25      OM26      OM27      OM28      OM33  
            OM34      OM35      OM36      OM37      OM38      OM44      OM45      OM46      OM47      OM48      OM55      OM56  
             OM57      OM58      OM66      OM67      OM68      OM77      OM78      OM88      SG11      SG12      SG22  
 
 OM78
+       ......... ......... ......... ......... ......... ......... ......... ......... ......... ......... ......... .........
         ......... ......... ......... ......... ......... ......... ......... ......... ......... ......... ......... .........
        ......... ......... ......... ......... ......... ......... ......... ......... ......... ......... ......... .........
         ......... ......... ......... ......... ......... ......... .........
 
 OM88
+       ......... ......... ......... ......... ......... ......... ......... ......... ......... ......... ......... .........
         ......... ......... ......... ......... ......... ......... ......... ......... ......... ......... ......... .........
        ......... ......... ......... ......... ......... ......... ......... ......... ......... ......... ......... .........
         ......... ......... ......... ......... ......... ......... ......... .........
 
 SG11
+       -7.66E+09  1.51E+10  9.78E+08 -1.82E+09  2.79E+09 -7.88E+09  2.68E+09  2.57E+08 ......... ......... ......... .........
         ......... ......... ......... .........  3.81E+10 ......... ......... ......... ......... ......... ......... .........
        ......... ......... ......... ......... ......... ......... ......... ......... ......... ......... -1.97E+10 .........
         ......... ......... -8.05E+10 ......... ......... ......... ......... .........  5.56E+11
 
 SG12
+       ......... ......... ......... ......... ......... ......... ......... ......... ......... ......... ......... .........
         ......... ......... ......... ......... ......... ......... ......... ......... ......... ......... ......... .........
        ......... ......... ......... ......... ......... ......... ......... ......... ......... ......... ......... .........
         ......... ......... ......... ......... ......... ......... ......... ......... ......... .........
 
 SG22
+        8.05E+09 -1.59E+10 -1.03E+09  1.91E+09 -2.93E+09  8.27E+09 -2.82E+09 -2.70E+08 ......... ......... ......... .........
         ......... ......... ......... ......... -4.00E+10 ......... ......... ......... ......... ......... ......... .........
        ......... ......... ......... ......... ......... ......... ......... ......... ......... .........  2.07E+10 .........
         ......... .........  8.45E+10 ......... ......... ......... ......... ......... -5.84E+11 .........  6.13E+11
 
 Elapsed finaloutput time in seconds:     1.68
 #CPUT: Total CPU Time in Seconds,      546.609
Stop Time: 
08.03.2025 
11:50
