Pathlist information for compiler and MPI systems are located in nmpathlist.txt

Starting NMTRAN
  
 WARNINGS AND ERRORS (IF ANY) FOR PROBLEM    1
             
 (WARNING  2) NM-TRAN INFERS THAT THE DATA ARE POPULATION.
             
 (WARNING  3) THERE MAY BE AN ERROR IN THE ABBREVIATED CODE. THE FOLLOWING
 ONE OR MORE RANDOM VARIABLES ARE DEFINED WITH "IF" STATEMENTS THAT DO NOT
 PROVIDE DEFINITIONS FOR BOTH THE "THEN" AND "ELSE" CASES. IF ALL
 CONDITIONS FAIL, THE VALUES OF THESE VARIABLES WILL BE ZERO.
  
   IPRED Y


 LIM VALUES MAXLIM ASSESSED BY NMTRAN: 1,2,3,4,5,6,7,8,10,11,13,15,16        
  
Note: Analytical 2nd Derivatives are constructed in FSUBS but are never used.
      You may insert $ABBR DERIV2=NO after the first $PROB to save FSUBS construction and compilation time
  
Recompiling certain components.
starting wait
ending wait
Exiting lpreddo
Compiling FSUBS
Building NONMEM Executable
Starting nonmem execution ...
License Registered to: Medical University of Gdansk Dept of Biopharmaceutics and Pharmacodynamic
Expiration Date:    14 JUL 2025
Current Date:        8 MAR 2025
Days until program expires : 126


 First Order Conditional Estimation with Interaction
 MONITORING OF SEARCH:


0ITERATION NO.:    0    OBJECTIVE VALUE:   983.823834271422        NO. OF FUNC. EVALS.:  12
 CUMULATIVE NO. OF FUNC. EVALS.:       12
 NPARAMETR:  3.0200E+01  6.2800E+00  5.5400E+01  5.9000E+00  5.0000E+01  1.6800E+01  3.0000E+00  2.0000E+01  1.0000E-01  2.0000E-01
             2.0000E-01  2.0000E-01  2.0000E-01
 PARAMETER:  1.0000E-01  1.0000E-01  1.0000E-01  1.0000E-01  1.0000E-01  1.0000E-01  1.0000E-01  1.0000E-01  1.0000E-01  1.0000E-01
             1.0000E-01  1.0000E-01  1.0000E-01
 GRADIENT:   5.5211E+01  6.7364E+01  4.3993E+01  6.1520E+01 -1.6435E+01 -2.7829E+00 -1.3803E+00  9.7060E-02 -7.4594E+01  1.4116E+00
             6.5289E+00 -6.0690E-01  7.8088E+01

0ITERATION NO.:    2    OBJECTIVE VALUE:   890.146457461311        NO. OF FUNC. EVALS.:  26
 CUMULATIVE NO. OF FUNC. EVALS.:       38
 NPARAMETR:  2.5140E+01  4.1760E+00  4.1277E+01  3.6745E+00  5.7430E+01  1.6436E+01  3.0394E+00  1.9969E+01  3.2006E-01  1.9854E-01
             1.7619E-01  5.8851E-02  4.6974E-02
 PARAMETER: -8.3391E-02 -3.0801E-01 -1.9427E-01 -3.7354E-01  2.3855E-01  7.8112E-02  1.1304E-01  9.8430E-02  6.8166E-01  9.6344E-02
             3.6624E-02 -5.1166E-01 -6.2436E-01
 GRADIENT:   2.1192E+01  1.4979E+00 -1.0524E+00  2.4958E+01  7.2614E+00  7.6151E+00  2.0159E-01  1.9489E-01 -1.3787E+01 -4.8120E+00
             3.3358E-01 -3.4331E+01 -6.1744E+01

0ITERATION NO.:    4    OBJECTIVE VALUE:   885.638605302525        NO. OF FUNC. EVALS.:  28
 CUMULATIVE NO. OF FUNC. EVALS.:       66
 NPARAMETR:  2.5756E+01  4.1797E+00  4.1154E+01  3.1050E+00  5.6720E+01  1.5646E+01  3.0462E+00  1.9935E+01  4.1476E-01  2.0897E-01
             1.7038E-01  4.9637E-02  5.8737E-02
 PARAMETER: -5.9179E-02 -3.0713E-01 -1.9725E-01 -5.4194E-01  2.2610E-01  2.8824E-02  1.1528E-01  9.6738E-02  8.1127E-01  1.2194E-01
             1.9863E-02 -5.9679E-01 -5.1263E-01
 GRADIENT:   3.2865E+01  2.7951E-01 -2.3559E+00  1.1182E+01  4.1677E+00 -7.8488E-01 -9.1030E-02  1.8376E-01 -4.4075E+00 -2.4786E+00
             3.4920E-01 -6.4441E+01 -2.4553E+01

0ITERATION NO.:    6    OBJECTIVE VALUE:   884.756078416725        NO. OF FUNC. EVALS.:  29
 CUMULATIVE NO. OF FUNC. EVALS.:       95
 NPARAMETR:  2.5357E+01  4.9359E+00  4.5635E+01  2.7490E+00  5.6102E+01  1.5774E+01  3.0903E+00  1.9801E+01  4.9715E-01  2.3031E-01
             1.5827E-01  5.2445E-02  5.4796E-02
 PARAMETER: -7.4786E-02 -1.4084E-01 -9.3897E-02 -6.6370E-01  2.1514E-01  3.6972E-02  1.2964E-01  8.9987E-02  9.0186E-01  1.7055E-01
            -1.7003E-02 -5.6928E-01 -5.4735E-01
 GRADIENT:   5.7534E+00  8.3208E+00  2.0567E+00 -8.3079E-01  3.2342E+00  1.0687E+00 -2.3300E-01  1.7135E-01  1.0659E+00 -6.8464E-01
            -1.6977E+00 -4.8596E+01 -3.4687E+01

0ITERATION NO.:    8    OBJECTIVE VALUE:   880.787774118949        NO. OF FUNC. EVALS.:  26
 CUMULATIVE NO. OF FUNC. EVALS.:      121
 NPARAMETR:  2.5251E+01  4.5015E+00  5.5000E+01  3.3160E+00  5.3364E+01  1.5209E+01  3.6120E+00  1.8638E+01  6.9866E-01  2.6186E-01
             1.6257E-01  6.1172E-02  6.3165E-02
 PARAMETER: -7.8979E-02 -2.3296E-01  9.2758E-02 -4.7618E-01  1.6511E-01  4.9295E-04  2.8566E-01  2.9497E-02  1.0720E+00  2.3475E-01
            -3.5976E-03 -4.9231E-01 -4.7628E-01
 GRADIENT:   2.4315E+00  6.2067E+00 -1.0760E-02  4.6991E+00 -1.3415E+00 -5.4090E+00 -7.2139E-01  1.4116E-01  3.4217E+00  1.9303E+00
            -9.6677E-01 -1.8401E+01 -1.2665E+01

0ITERATION NO.:   10    OBJECTIVE VALUE:   879.493154258467        NO. OF FUNC. EVALS.:  27
 CUMULATIVE NO. OF FUNC. EVALS.:      148
 NPARAMETR:  2.5240E+01  4.1208E+00  5.9969E+01  3.1353E+00  5.6153E+01  1.5333E+01  3.9375E+00  1.8137E+01  5.7272E-01  2.3922E-01
             1.5384E-01  6.3549E-02  6.6637E-02
 PARAMETER: -7.9415E-02 -3.2133E-01  1.7924E-01 -5.3223E-01  2.1606E-01  8.6382E-03  3.7193E-01  2.1943E-03  9.7262E-01  1.8953E-01
            -3.1213E-02 -4.7326E-01 -4.4953E-01
 GRADIENT:  -1.2968E+00  3.3210E+00  1.8679E+00  1.4975E-01  3.2611E+00 -5.0021E+00 -3.4590E-01  1.6869E-01  9.2630E-01  1.8083E-01
            -2.0296E+00 -1.0908E+01 -6.9524E+00

0ITERATION NO.:   12    OBJECTIVE VALUE:   878.814115370459        NO. OF FUNC. EVALS.:  29
 CUMULATIVE NO. OF FUNC. EVALS.:      177
 NPARAMETR:  2.5270E+01  4.3648E+00  4.7027E+01  2.9021E+00  5.4368E+01  1.5562E+01  5.2418E+00  1.6886E+01  4.2071E-01  2.5765E-01
             1.6653E-01  6.6111E-02  6.8726E-02
 PARAMETER: -7.8232E-02 -2.6381E-01 -6.3867E-02 -6.0952E-01  1.8376E-01  2.3426E-02  6.5806E-01 -6.9252E-02  8.1839E-01  2.2664E-01
             8.4328E-03 -4.5349E-01 -4.3409E-01
 GRADIENT:  -7.8651E-02  2.2875E+00  1.1380E+00  8.5918E-01  1.8472E+00 -2.6328E+00 -3.3768E-01 -5.1171E-02 -1.8077E+00  8.9938E-01
            -9.1225E-03 -4.6933E+00 -3.1158E+00

0ITERATION NO.:   14    OBJECTIVE VALUE:   878.467211666468        NO. OF FUNC. EVALS.:  26
 CUMULATIVE NO. OF FUNC. EVALS.:      203
 NPARAMETR:  2.5357E+01  4.1264E+00  4.8257E+01  2.9555E+00  5.1213E+01  1.5950E+01  7.5807E+00  2.2942E+01  4.5015E-01  2.5412E-01
             1.6634E-01  6.8233E-02  7.1656E-02
 PARAMETER: -7.4784E-02 -3.1996E-01 -3.8042E-02 -5.9128E-01  1.2397E-01  4.8059E-02  1.0270E+00  2.3725E-01  8.5221E-01  2.1975E-01
             7.8497E-03 -4.3769E-01 -4.1322E-01
 GRADIENT:   7.4344E-01 -4.2910E-01  2.7263E-01  2.4778E-01  2.3960E-01  7.3053E-01 -2.0331E-01 -2.2805E-01 -8.6933E-01 -5.7104E-01
             1.9563E-01  9.2277E-01  1.1150E+00

0ITERATION NO.:   16    OBJECTIVE VALUE:   878.239420566987        NO. OF FUNC. EVALS.:  26
 CUMULATIVE NO. OF FUNC. EVALS.:      229
 NPARAMETR:  2.5389E+01  4.1334E+00  4.5653E+01  2.9292E+00  4.7233E+01  1.6077E+01  1.3408E+01  4.5982E+01  4.6601E-01  3.0514E-01
             1.6759E-01  6.9174E-02  7.2541E-02
 PARAMETER: -7.3536E-02 -3.1826E-01 -9.3515E-02 -6.0022E-01  4.3064E-02  5.6015E-02  1.5973E+00  9.3251E-01  8.6952E-01  3.1122E-01
             1.1602E-02 -4.3085E-01 -4.0709E-01
 GRADIENT:   5.1040E-01 -1.1341E+00 -4.6166E-01 -8.7657E-02  3.0335E+00  1.7155E+00  1.0056E+00 -1.9958E-01  4.7794E-01 -1.6035E+00
             4.5678E-01  3.3636E+00  1.1376E+00

0ITERATION NO.:   18    OBJECTIVE VALUE:   877.988122026119        NO. OF FUNC. EVALS.:  27
 CUMULATIVE NO. OF FUNC. EVALS.:      256
 NPARAMETR:  2.5327E+01  4.3238E+00  4.0642E+01  2.8005E+00  4.0966E+01  1.5822E+01  1.8706E+01  8.8775E+01  4.4112E-01  4.1600E-01
             1.6422E-01  6.7722E-02  7.0498E-02
 PARAMETER: -7.5980E-02 -2.7323E-01 -2.0978E-01 -6.4516E-01 -9.9277E-02  4.0052E-02  1.9302E+00  1.5904E+00  8.4208E-01  4.6618E-01
             1.4569E-03 -4.4145E-01 -4.2137E-01
 GRADIENT:  -6.9247E-01 -6.4321E-01 -6.3300E-01 -4.0236E-01  2.7100E+00 -4.2079E-01  1.3539E+00  2.0583E-01  1.0028E+00 -1.1038E+00
             1.1558E-03  3.4889E-02 -1.9918E+00

0ITERATION NO.:   20    OBJECTIVE VALUE:   877.869876575093        NO. OF FUNC. EVALS.:  26
 CUMULATIVE NO. OF FUNC. EVALS.:      282
 NPARAMETR:  2.5321E+01  4.3624E+00  4.1699E+01  2.8010E+00  3.8777E+01  1.5840E+01  1.8963E+01  8.4451E+01  4.3024E-01  4.4509E-01
             1.6357E-01  6.7782E-02  7.0956E-02
 PARAMETER: -7.6226E-02 -2.6434E-01 -1.8411E-01 -6.4498E-01 -1.5420E-01  4.1140E-02  1.9439E+00  1.5404E+00  8.2959E-01  4.9998E-01
            -5.4092E-04 -4.4101E-01 -4.1813E-01
 GRADIENT:  -8.1685E-01  1.2967E-01 -1.3930E-01 -3.7791E-01  2.5757E-01 -1.4028E-01 -3.2258E-02 -7.6599E-02  3.2745E-01 -4.9364E-02
            -1.3824E-01  5.4851E-03 -5.2934E-01

0ITERATION NO.:   22    OBJECTIVE VALUE:   877.838613266862        NO. OF FUNC. EVALS.:  26
 CUMULATIVE NO. OF FUNC. EVALS.:      308
 NPARAMETR:  2.5341E+01  4.2622E+00  4.4518E+01  2.8692E+00  3.6200E+01  1.5870E+01  2.1006E+01  1.0166E+02  4.4305E-01  4.9902E-01
             1.6445E-01  6.7877E-02  7.1452E-02
 PARAMETER: -7.5409E-02 -2.8758E-01 -1.1869E-01 -6.2091E-01 -2.2296E-01  4.3030E-02  2.0462E+00  1.7259E+00  8.4426E-01  5.5716E-01
             2.1554E-03 -4.4031E-01 -4.1465E-01
 GRADIENT:  -1.1197E-01 -4.7382E-02  7.6968E-03 -1.8147E-01  4.4442E-02  8.7116E-02  6.6546E-02  6.8776E-03  1.6969E-02 -1.1293E-01
             3.2491E-02  1.9820E-01  1.5436E-01

0ITERATION NO.:   24    OBJECTIVE VALUE:   877.837670774938        NO. OF FUNC. EVALS.:  26
 CUMULATIVE NO. OF FUNC. EVALS.:      334
 NPARAMETR:  2.5338E+01  4.2457E+00  4.5033E+01  2.8899E+00  3.5988E+01  1.5858E+01  2.1122E+01  1.0267E+02  4.4726E-01  5.0670E-01
             1.6428E-01  6.7802E-02  7.1337E-02
 PARAMETER: -7.5547E-02 -2.9146E-01 -1.0718E-01 -6.1372E-01 -2.2883E-01  4.2318E-02  2.0517E+00  1.7358E+00  8.4898E-01  5.6480E-01
             1.6189E-03 -4.4086E-01 -4.1545E-01
 GRADIENT:   1.1099E-02 -4.8146E-03 -1.0747E-03 -6.2971E-03 -1.6396E-02  3.6415E-03 -1.4952E-02 -8.8024E-04  1.0389E-03  7.2026E-03
            -7.1172E-04  3.6426E-03  1.3458E-02

0ITERATION NO.:   26    OBJECTIVE VALUE:   877.837661843226        NO. OF FUNC. EVALS.:  58
 CUMULATIVE NO. OF FUNC. EVALS.:      392
 NPARAMETR:  2.5337E+01  4.2481E+00  4.4996E+01  2.8895E+00  3.5965E+01  1.5859E+01  2.1159E+01  1.0291E+02  4.4705E-01  5.0749E-01
             1.6426E-01  6.7803E-02  7.1336E-02
 PARAMETER: -7.5569E-02 -2.9089E-01 -1.0801E-01 -6.1388E-01 -2.2948E-01  4.2330E-02  2.0534E+00  1.7381E+00  8.4874E-01  5.6558E-01
             1.5802E-03 -4.4085E-01 -4.1546E-01
 GRADIENT:   1.3392E-03  1.8260E-03 -1.1421E-03  1.5775E-03  3.3914E-03 -4.2124E-04  4.7821E-03  2.4730E-04  1.9191E-03 -6.4739E-04
            -1.4926E-03  5.8707E-05 -5.1629E-03

0ITERATION NO.:   28    OBJECTIVE VALUE:   877.837660458137        NO. OF FUNC. EVALS.:  63
 CUMULATIVE NO. OF FUNC. EVALS.:      455            RESET HESSIAN, TYPE II
 NPARAMETR:  2.5337E+01  4.2479E+00  4.4996E+01  2.8894E+00  3.5975E+01  1.5859E+01  2.1147E+01  1.0283E+02  4.4701E-01  5.0717E-01
             1.6428E-01  6.7803E-02  7.1337E-02
 PARAMETER: -7.5570E-02 -2.9095E-01 -1.0800E-01 -6.1389E-01 -2.2921E-01  4.2342E-02  2.0529E+00  1.7374E+00  8.4871E-01  5.6526E-01
             1.6152E-03 -4.4085E-01 -4.1545E-01
 GRADIENT:   2.9695E-03  1.0192E-02 -1.1925E-03  2.3958E-03  5.2391E-04  6.3343E-03  4.5123E-03  1.5993E-04  6.6866E-05 -5.5953E-04
            -4.1896E-05  3.1400E-03  1.7541E-03

0ITERATION NO.:   30    OBJECTIVE VALUE:   877.837660428315        NO. OF FUNC. EVALS.:  63
 CUMULATIVE NO. OF FUNC. EVALS.:      518
 NPARAMETR:  2.5337E+01  4.2479E+00  4.4996E+01  2.8894E+00  3.5975E+01  1.5859E+01  2.1147E+01  1.0283E+02  4.4701E-01  5.0717E-01
             1.6428E-01  6.7803E-02  7.1337E-02
 PARAMETER: -7.5570E-02 -2.9095E-01 -1.0800E-01 -6.1389E-01 -2.2921E-01  4.2342E-02  2.0529E+00  1.7374E+00  8.4871E-01  5.6526E-01
             1.6152E-03 -4.4085E-01 -4.1545E-01
 GRADIENT:   1.3876E-03 -1.2238E-03 -1.2887E-03  1.0313E-03 -3.8635E-04  1.3214E-03  4.1741E-04  3.6118E-05  4.1856E-05 -5.5723E-04
            -4.1793E-05  2.9485E-04 -6.2903E-04

0ITERATION NO.:   31    OBJECTIVE VALUE:   877.837660428315        NO. OF FUNC. EVALS.:  20
 CUMULATIVE NO. OF FUNC. EVALS.:      538
 NPARAMETR:  2.5337E+01  4.2479E+00  4.4996E+01  2.8894E+00  3.5975E+01  1.5859E+01  2.1147E+01  1.0283E+02  4.4701E-01  5.0717E-01
             1.6428E-01  6.7803E-02  7.1337E-02
 PARAMETER: -7.5570E-02 -2.9095E-01 -1.0800E-01 -6.1389E-01 -2.2921E-01  4.2342E-02  2.0529E+00  1.7374E+00  8.4871E-01  5.6526E-01
             1.6152E-03 -4.4085E-01 -4.1545E-01
 GRADIENT:   1.3876E-03 -1.2238E-03 -1.2887E-03  1.0313E-03 -3.8635E-04  1.3214E-03  4.1741E-04  3.6118E-05  4.1856E-05 -5.5723E-04
            -4.1793E-05  2.9485E-04 -6.2903E-04
 Elapsed estimation  time in seconds:   236.61
 Elapsed covariance  time in seconds:   311.51
 Elapsed postprocess time in seconds:     4.74
 Elapsed finaloutput time in seconds:     1.68
Done with nonmem execution
